#
# There is insufficient memory for the Java Runtime Environment to continue.
# pthread_getattr_np
# Possible reasons:
#   The system is out of physical RAM or swap space
#   In 32 bit mode, the process size limit was hit
# Possible solutions:
#   Reduce memory load on the system
#   Increase physical memory or swap space
#   Check if swap backing store is full
#   Use 64 bit Java on a 64 bit OS
#   Decrease Java heap size (-Xmx/-Xms)
#   Decrease number of Java threads
#   Decrease Java thread stack sizes (-Xss)
#   Set larger code cache with -XX:ReservedCodeCacheSize=
# This output file may be truncated or incomplete.
#
#  Out of Memory Error (os_linux_x86.cpp:718), pid=12841, tid=140700948051712
#
# JRE version: Java(TM) SE Runtime Environment (7.0_65-b33) (build 1.7.0_65-b33)
# Java VM: Java HotSpot(TM) 64-Bit Server VM (24.65-b04 mixed mode linux-amd64 compressed oops)
# Failed to write core dump. Core dumps have been disabled. To enable core dumping, try "ulimit -c unlimited" before starting Java again
#

---------------  T H R E A D  ---------------

Current thread (0x00007ff7c8366800):  JavaThread "pool-27-thread-4" [_thread_new, id=12965, stack(0x0000000000000000,0x0000000000000000)]

Stack: [0x0000000000000000,0x0000000000000000],  sp=0x00007ff77e072900,  free space=137403269578k
Native frames: (J=compiled Java code, j=interpreted, Vv=VM code, C=native code)
V  [libjvm.so+0x99edea]
V  [libjvm.so+0x49721b]
V  [libjvm.so+0x823a1a]
V  [libjvm.so+0x823a65]
V  [libjvm.so+0x952874]
V  [libjvm.so+0x959034]
V  [libjvm.so+0x81fbd8]


---------------  P R O C E S S  ---------------

Java Threads: ( => current thread )
=>0x00007ff7c8366800 JavaThread "pool-27-thread-4" [_thread_new, id=12965, stack(0x0000000000000000,0x0000000000000000)]
  0x00007ff7c8365800 JavaThread "pool-27-thread-3" [_thread_in_vm, id=12964, stack(0x00007ff77e175000,0x00007ff77e276000)]
  0x00007ff7c859e000 JavaThread "pool-27-thread-2" [_thread_in_vm, id=12963, stack(0x00007ff77e47c000,0x00007ff77e57d000)]
  0x00007ff7c8369800 JavaThread "pool-27-thread-1" [_thread_blocked, id=12962, stack(0x00007ff77e074000,0x00007ff77e175000)]
  0x00007ff7c855d000 JavaThread "process reaper" daemon [_thread_blocked, id=12911, stack(0x00007ff79401c000,0x00007ff794055000)]
  0x00007ff7c80f6800 JavaThread "Service Thread" daemon [_thread_blocked, id=12903, stack(0x00007ff77eced000,0x00007ff77edee000)]
  0x00007ff7c80f4000 JavaThread "C2 CompilerThread1" daemon [_thread_blocked, id=12902, stack(0x00007ff77edee000,0x00007ff77eeef000)]
  0x00007ff7c80f1000 JavaThread "C2 CompilerThread0" daemon [_thread_blocked, id=12901, stack(0x00007ff77eeef000,0x00007ff77eff0000)]
  0x00007ff7c80ef000 JavaThread "Signal Dispatcher" daemon [_thread_blocked, id=12900, stack(0x00007ff77eff0000,0x00007ff77f0f1000)]
  0x00007ff7c80c4800 JavaThread "Finalizer" daemon [_thread_blocked, id=12899, stack(0x00007ff77f0f1000,0x00007ff77f1f2000)]
  0x00007ff7c80c2800 JavaThread "Reference Handler" daemon [_thread_blocked, id=12898, stack(0x00007ff77f1f2000,0x00007ff77f2f3000)]
  0x00007ff7c800a800 JavaThread "main" [_thread_blocked, id=12853, stack(0x00007ff7cd1bf000,0x00007ff7cd2c0000)]

Other Threads:
  0x00007ff7c80be800 VMThread [stack: 0x00007ff77f2f3000,0x00007ff77f3f4000] [id=12897]
  0x00007ff7c8101000 WatcherThread [stack: 0x00007ff77ebec000,0x00007ff77eced000] [id=12904]

VM state:synchronizing (normal execution)

VM Mutex/Monitor currently owned by a thread:  ([mutex/lock_event])
[0x00007ff7c8006390] Safepoint_lock - owner thread: 0x00007ff7c80be800
[0x00007ff7c8006410] Threads_lock - owner thread: 0x00007ff7c80be800

Heap
 PSYoungGen      total 602624K, used 485659K [0x0000000581b00000, 0x00000005abb80000, 0x0000000800000000)
  eden space 516608K, 94% used [0x0000000581b00000,0x000000059f546ef8,0x00000005a1380000)
  from space 86016K, 0% used [0x00000005a6780000,0x00000005a6780000,0x00000005abb80000)
  to   space 86016K, 0% used [0x00000005a1380000,0x00000005a1380000,0x00000005a6780000)
 ParOldGen       total 1376256K, used 0K [0x0000000085200000, 0x00000000d9200000, 0x0000000581b00000)
  object space 1376256K, 0% used [0x0000000085200000,0x0000000085200000,0x00000000d9200000)
 PSPermGen       total 21504K, used 16539K [0x0000000080000000, 0x0000000081500000, 0x0000000085200000)
  object space 21504K, 76% used [0x0000000080000000,0x0000000081026ec8,0x0000000081500000)

Card table byte_map: [0x00007ff7c133f000,0x00007ff7c4f40000] byte_map_base: 0x00007ff7c0f3f000

Polling page: 0x00007ff7ce3e5000

Code Cache  [0x00007ff7c5000000, 0x00007ff7c5270000, 0x00007ff7c8000000)
 total_blobs=661 nmethods=370 adapters=245 free_code_cache=47883Kb largest_free_block=48969152

Compilation events (10 events):
Event: 10.378 Thread 0x00007ff7c80f1000  392             java.util.Collections$SingletonSet::size (2 bytes)
Event: 10.379 Thread 0x00007ff7c80f4000  393             org.sonatype.aether.util.artifact.DefaultArtifact::getGroupId (5 bytes)
Event: 10.379 Thread 0x00007ff7c80f1000 nmethod 392 0x00007ff7c5101990 code [0x00007ff7c5101ac0, 0x00007ff7c5101b18]
Event: 10.379 Thread 0x00007ff7c80f4000 nmethod 393 0x00007ff7c5101790 code [0x00007ff7c51018c0, 0x00007ff7c5101938]
Event: 10.381 Thread 0x00007ff7c80f1000  394             org.sonatype.aether.util.artifact.DefaultArtifact::getExtension (5 bytes)
Event: 10.382 Thread 0x00007ff7c80f1000 nmethod 394 0x00007ff7c5101590 code [0x00007ff7c51016c0, 0x00007ff7c5101738]
Event: 10.383 Thread 0x00007ff7c80f4000  395             org.sonatype.aether.util.artifact.DefaultArtifact::getClassifier (5 bytes)
Event: 10.384 Thread 0x00007ff7c80f4000 nmethod 395 0x00007ff7c5101390 code [0x00007ff7c51014c0, 0x00007ff7c5101538]
Event: 10.393 Thread 0x00007ff7c80f1000  396             java.util.Collections$SingletonSet::iterator (8 bytes)
Event: 10.395 Thread 0x00007ff7c80f1000 nmethod 396 0x00007ff7c5101090 code [0x00007ff7c51011e0, 0x00007ff7c5101298]

GC Heap History (0 events):
No events

Deoptimization events (10 events):
Event: 5.960 Thread 0x00007ff7c800a800 Uncommon trap: reason=bimorphic action=maybe_recompile pc=0x00007ff7c50b8d08 method=java.util.Properties$LineReader.readLine()I @ 402
Event: 6.328 Thread 0x00007ff7c800a800 Uncommon trap: reason=bimorphic action=maybe_recompile pc=0x00007ff7c50b8d08 method=java.util.Properties$LineReader.readLine()I @ 402
Event: 6.349 Thread 0x00007ff7c800a800 Uncommon trap: reason=unreached action=reinterpret pc=0x00007ff7c50ac7d0 method=java.util.HashMap.put(Ljava/lang/Object;Ljava/lang/Object;)Ljava/lang/Object; @ 19
Event: 7.273 Thread 0x00007ff7c800a800 Uncommon trap: reason=predicate action=maybe_recompile pc=0x00007ff7c507be00 method=java.util.Arrays.fill([Ljava/lang/Object;Ljava/lang/Object;)V @ 10
Event: 7.402 Thread 0x00007ff7c800a800 Uncommon trap: reason=null_check action=make_not_entrant pc=0x00007ff7c50d9a7c method=java.util.jar.Attributes.putValue(Ljava/lang/String;Ljava/lang/String;)Ljava/lang/String; @ 13
Event: 8.326 Thread 0x00007ff7c800a800 Uncommon trap: reason=array_check action=maybe_recompile pc=0x00007ff7c50d2978 method=java.util.Arrays.fill([Ljava/lang/Object;Ljava/lang/Object;)V @ 13
Event: 8.326 Thread 0x00007ff7c800a800 Uncommon trap: reason=array_check action=maybe_recompile pc=0x00007ff7c50d2978 method=java.util.Arrays.fill([Ljava/lang/Object;Ljava/lang/Object;)V @ 13
Event: 8.462 Thread 0x00007ff7c8691000 Uncommon trap: reason=array_check action=maybe_recompile pc=0x00007ff7c50d2978 method=java.util.Arrays.fill([Ljava/lang/Object;Ljava/lang/Object;)V @ 13
Event: 8.463 Thread 0x00007ff7c8691000 Uncommon trap: reason=array_check action=maybe_recompile pc=0x00007ff7c50d2978 method=java.util.Arrays.fill([Ljava/lang/Object;Ljava/lang/Object;)V @ 13
Event: 8.467 Thread 0x00007ff7c8691000 Uncommon trap: reason=array_check action=maybe_recompile pc=0x00007ff7c50d6c48 method=java.util.Arrays.fill([Ljava/lang/Object;Ljava/lang/Object;)V @ 13

Internal exceptions (10 events):
Event: 8.803 Thread 0x00007ff7c8369800 Threw 0x0000000599a7fa80 at /HUDSON/workspace/7u-2-build-linux-amd64/jdk7u65/1323/hotspot/src/share/vm/prims/jni.cpp:743
Event: 8.840 Thread 0x00007ff7c8369800 Threw 0x0000000599a88c58 at /HUDSON/workspace/7u-2-build-linux-amd64/jdk7u65/1323/hotspot/src/share/vm/prims/jni.cpp:743
Event: 8.913 Thread 0x00007ff7c800a800 Threw 0x000000059340fb68 at /HUDSON/workspace/7u-2-build-linux-amd64/jdk7u65/1323/hotspot/src/share/vm/prims/jvm.cpp:1244
Event: 8.913 Thread 0x00007ff7c800a800 Threw 0x0000000593410298 at /HUDSON/workspace/7u-2-build-linux-amd64/jdk7u65/1323/hotspot/src/share/vm/prims/jvm.cpp:1244
Event: 8.940 Thread 0x00007ff7c8369800 Threw 0x000000059a496b38 at /HUDSON/workspace/7u-2-build-linux-amd64/jdk7u65/1323/hotspot/src/share/vm/prims/jni.cpp:743
Event: 8.978 Thread 0x00007ff7c8369800 Threw 0x000000059a49fba0 at /HUDSON/workspace/7u-2-build-linux-amd64/jdk7u65/1323/hotspot/src/share/vm/prims/jni.cpp:743
Event: 9.081 Thread 0x00007ff7c8369800 Threw 0x000000059aeade40 at /HUDSON/workspace/7u-2-build-linux-amd64/jdk7u65/1323/hotspot/src/share/vm/prims/jni.cpp:743
Event: 9.120 Thread 0x00007ff7c8369800 Threw 0x000000059aeb72c8 at /HUDSON/workspace/7u-2-build-linux-amd64/jdk7u65/1323/hotspot/src/share/vm/prims/jni.cpp:743
Event: 9.198 Thread 0x00007ff7c8369800 Threw 0x000000059b8c4c90 at /HUDSON/workspace/7u-2-build-linux-amd64/jdk7u65/1323/hotspot/src/share/vm/prims/jni.cpp:743
Event: 9.237 Thread 0x00007ff7c8369800 Threw 0x000000059b8cdac8 at /HUDSON/workspace/7u-2-build-linux-amd64/jdk7u65/1323/hotspot/src/share/vm/prims/jni.cpp:743

Events (10 events):
Event: 9.194 Executing VM operation: RevokeBias done
Event: 9.280 Executing VM operation: RevokeBias
Event: 9.280 Executing VM operation: RevokeBias done
Event: 9.280 Thread 0x00007ff7c8369800 Thread exited: 0x00007ff7c8369800
Event: 10.377 Thread 0x00007ff7c80f1000 flushing nmethod 0x00007ff7c507bb90
Event: 10.437 Thread 0x00007ff7c8369800 Thread added: 0x00007ff7c8369800
Event: 10.438 Thread 0x00007ff7c859e000 Thread added: 0x00007ff7c859e000
Event: 10.438 Thread 0x00007ff7c8365800 Thread added: 0x00007ff7c8365800
Event: 10.439 Thread 0x00007ff7c8366800 Thread added: 0x00007ff7c8366800
Event: 10.439 Executing VM operation: RevokeBias


Dynamic libraries:
00400000-00401000 r-xp 00000000 fd:05 150695                             /usr/lib/jvm/java-1.7.0-oracle-1.7.0.65.x86_64/bin/java
00600000-00602000 rw-p 00000000 fd:05 150695                             /usr/lib/jvm/java-1.7.0-oracle-1.7.0.65.x86_64/bin/java
0232a000-0234b000 rw-p 00000000 00:00 0                                  [heap]
80000000-81500000 rw-p 00000000 00:00 0 
81500000-85200000 rw-p 00000000 00:00 0 
85200000-d9200000 rw-p 00000000 00:00 0 
d9200000-581b00000 rw-p 00000000 00:00 0 
581b00000-5abb80000 rw-p 00000000 00:00 0 
5abb80000-800000000 rw-p 00000000 00:00 0 
3186c00000-3186c20000 r-xp 00000000 fd:00 238                            /lib64/ld-2.12.so
3186e1f000-3186e20000 r--p 0001f000 fd:00 238                            /lib64/ld-2.12.so
3186e20000-3186e21000 rw-p 00020000 fd:00 238                            /lib64/ld-2.12.so
3186e21000-3186e22000 rw-p 00000000 00:00 0 
3187000000-318718a000 r-xp 00000000 fd:00 9961                           /lib64/libc-2.12.so
318718a000-318738a000 ---p 0018a000 fd:00 9961                           /lib64/libc-2.12.so
318738a000-318738e000 r--p 0018a000 fd:00 9961                           /lib64/libc-2.12.so
318738e000-318738f000 rw-p 0018e000 fd:00 9961                           /lib64/libc-2.12.so
318738f000-3187394000 rw-p 00000000 00:00 0 
3187400000-3187416000 r-xp 00000000 fd:05 157699                         /usr/lib/jvm/java-1.7.0-oracle-1.7.0.65.x86_64/lib/amd64/jli/libjli.so
3187416000-3187616000 ---p 00016000 fd:05 157699                         /usr/lib/jvm/java-1.7.0-oracle-1.7.0.65.x86_64/lib/amd64/jli/libjli.so
3187616000-3187617000 rw-p 00016000 fd:05 157699                         /usr/lib/jvm/java-1.7.0-oracle-1.7.0.65.x86_64/lib/amd64/jli/libjli.so
3187800000-3187802000 r-xp 00000000 fd:00 9967                           /lib64/libdl-2.12.so
3187802000-3187a02000 ---p 00002000 fd:00 9967                           /lib64/libdl-2.12.so
3187a02000-3187a03000 r--p 00002000 fd:00 9967                           /lib64/libdl-2.12.so
3187a03000-3187a04000 rw-p 00003000 fd:00 9967                           /lib64/libdl-2.12.so
3187c00000-3187c17000 r-xp 00000000 fd:00 9966                           /lib64/libpthread-2.12.so
3187c17000-3187e17000 ---p 00017000 fd:00 9966                           /lib64/libpthread-2.12.so
3187e17000-3187e18000 r--p 00017000 fd:00 9966                           /lib64/libpthread-2.12.so
3187e18000-3187e19000 rw-p 00018000 fd:00 9966                           /lib64/libpthread-2.12.so
3187e19000-3187e1d000 rw-p 00000000 00:00 0 
3188400000-3188407000 r-xp 00000000 fd:00 9982                           /lib64/librt-2.12.so
3188407000-3188606000 ---p 00007000 fd:00 9982                           /lib64/librt-2.12.so
3188606000-3188607000 r--p 00006000 fd:00 9982                           /lib64/librt-2.12.so
3188607000-3188608000 rw-p 00007000 fd:00 9982                           /lib64/librt-2.12.so
3188c00000-3188c0c000 r-xp 00000000 fd:00 1054                           /lib64/libnss_files-2.12.so
3188c0c000-3188e0c000 ---p 0000c000 fd:00 1054                           /lib64/libnss_files-2.12.so
3188e0c000-3188e0d000 r--p 0000c000 fd:00 1054                           /lib64/libnss_files-2.12.so
3188e0d000-3188e0e000 rw-p 0000d000 fd:00 1054                           /lib64/libnss_files-2.12.so
3189c00000-3189c16000 r-xp 00000000 fd:00 9971                           /lib64/libresolv-2.12.so
3189c16000-3189e16000 ---p 00016000 fd:00 9971                           /lib64/libresolv-2.12.so
3189e16000-3189e17000 r--p 00016000 fd:00 9971                           /lib64/libresolv-2.12.so
3189e17000-3189e18000 rw-p 00017000 fd:00 9971                           /lib64/libresolv-2.12.so
3189e18000-3189e1a000 rw-p 00000000 00:00 0 
318b000000-318b016000 r-xp 00000000 fd:00 9965                           /lib64/libgcc_s-4.4.7-20120601.so.1
318b016000-318b215000 ---p 00016000 fd:00 9965                           /lib64/libgcc_s-4.4.7-20120601.so.1
318b215000-318b216000 rw-p 00015000 fd:00 9965                           /lib64/libgcc_s-4.4.7-20120601.so.1
3198600000-3198616000 r-xp 00000000 fd:00 2971                           /lib64/libnsl-2.12.so
3198616000-3198815000 ---p 00016000 fd:00 2971                           /lib64/libnsl-2.12.so
3198815000-3198816000 r--p 00015000 fd:00 2971                           /lib64/libnsl-2.12.so
3198816000-3198817000 rw-p 00016000 fd:00 2971                           /lib64/libnsl-2.12.so
3198817000-3198819000 rw-p 00000000 00:00 0 
7ff62c000000-7ff62c021000 rw-p 00000000 00:00 0 
7ff62c021000-7ff630000000 ---p 00000000 00:00 0 
7ff638000000-7ff63805d000 rw-p 00000000 00:00 0 
7ff63805d000-7ff63c000000 ---p 00000000 00:00 0 
7ff63c000000-7ff63c021000 rw-p 00000000 00:00 0 
7ff63c021000-7ff640000000 ---p 00000000 00:00 0 
7ff640000000-7ff640021000 rw-p 00000000 00:00 0 
7ff640021000-7ff644000000 ---p 00000000 00:00 0 
7ff644000000-7ff644021000 rw-p 00000000 00:00 0 
7ff644021000-7ff648000000 ---p 00000000 00:00 0 
7ff648000000-7ff6487cd000 rw-p 00000000 00:00 0 
7ff6487cd000-7ff64c000000 ---p 00000000 00:00 0 
7ff64c000000-7ff64c021000 rw-p 00000000 00:00 0 
7ff64c021000-7ff650000000 ---p 00000000 00:00 0 
7ff650000000-7ff650717000 rw-p 00000000 00:00 0 
7ff650717000-7ff654000000 ---p 00000000 00:00 0 
7ff656170000-7ff65c000000 r--p 00000000 fd:05 150718                     /usr/lib/locale/locale-archive
7ff65c000000-7ff65c021000 rw-p 00000000 00:00 0 
7ff65c021000-7ff660000000 ---p 00000000 00:00 0 
7ff660000000-7ff660021000 rw-p 00000000 00:00 0 
7ff660021000-7ff664000000 ---p 00000000 00:00 0 
7ff664000000-7ff664021000 rw-p 00000000 00:00 0 
7ff664021000-7ff668000000 ---p 00000000 00:00 0 
7ff668000000-7ff668021000 rw-p 00000000 00:00 0 
7ff668021000-7ff66c000000 ---p 00000000 00:00 0 
7ff66c000000-7ff6a8000000 rw-p 00000000 00:00 0 
7ff6a8000000-7ff6a8021000 rw-p 00000000 00:00 0 
7ff6a8021000-7ff6ac000000 ---p 00000000 00:00 0 
7ff6ac000000-7ff6ac021000 rw-p 00000000 00:00 0 
7ff6ac021000-7ff6b0000000 ---p 00000000 00:00 0 
7ff6b0000000-7ff6b0021000 rw-p 00000000 00:00 0 
7ff6b0021000-7ff6b4000000 ---p 00000000 00:00 0 
7ff6b4000000-7ff6b4021000 rw-p 00000000 00:00 0 
7ff6b4021000-7ff6b8000000 ---p 00000000 00:00 0 
7ff6b8000000-7ff6b8021000 rw-p 00000000 00:00 0 
7ff6b8021000-7ff6bc000000 ---p 00000000 00:00 0 
7ff6bc000000-7ff6bc021000 rw-p 00000000 00:00 0 
7ff6bc021000-7ff6c0000000 ---p 00000000 00:00 0 
7ff6c0000000-7ff6c0021000 rw-p 00000000 00:00 0 
7ff6c0021000-7ff6c4000000 ---p 00000000 00:00 0 
7ff6c4000000-7ff6c4021000 rw-p 00000000 00:00 0 
7ff6c4021000-7ff6c8000000 ---p 00000000 00:00 0 
7ff6c8000000-7ff6c8021000 rw-p 00000000 00:00 0 
7ff6c8021000-7ff6cc000000 ---p 00000000 00:00 0 
7ff6d0000000-7ff6d0021000 rw-p 00000000 00:00 0 
7ff6d0021000-7ff6d4000000 ---p 00000000 00:00 0 
7ff6d8000000-7ff6d8021000 rw-p 00000000 00:00 0 
7ff6d8021000-7ff6dc000000 ---p 00000000 00:00 0 
7ff6e0000000-7ff6e0021000 rw-p 00000000 00:00 0 
7ff6e0021000-7ff6e4000000 ---p 00000000 00:00 0 
7ff6e8000000-7ff6e8021000 rw-p 00000000 00:00 0 
7ff6e8021000-7ff6ec000000 ---p 00000000 00:00 0 
7ff6f0000000-7ff6f0021000 rw-p 00000000 00:00 0 
7ff6f0021000-7ff6f4000000 ---p 00000000 00:00 0 
7ff6f8000000-7ff6f8021000 rw-p 00000000 00:00 0 
7ff6f8021000-7ff6fc000000 ---p 00000000 00:00 0 
7ff700000000-7ff700021000 rw-p 00000000 00:00 0 
7ff700021000-7ff704000000 ---p 00000000 00:00 0 
7ff708000000-7ff708021000 rw-p 00000000 00:00 0 
7ff708021000-7ff70c000000 ---p 00000000 00:00 0 
7ff710000000-7ff710021000 rw-p 00000000 00:00 0 
7ff710021000-7ff714000000 ---p 00000000 00:00 0 
7ff718000000-7ff718021000 rw-p 00000000 00:00 0 
7ff718021000-7ff71c000000 ---p 00000000 00:00 0 
7ff720000000-7ff720021000 rw-p 00000000 00:00 0 
7ff720021000-7ff724000000 ---p 00000000 00:00 0 
7ff728000000-7ff728021000 rw-p 00000000 00:00 0 
7ff728021000-7ff72c000000 ---p 00000000 00:00 0 
7ff730000000-7ff730021000 rw-p 00000000 00:00 0 
7ff730021000-7ff734000000 ---p 00000000 00:00 0 
7ff738000000-7ff738021000 rw-p 00000000 00:00 0 
7ff738021000-7ff73c000000 ---p 00000000 00:00 0 
7ff740000000-7ff740021000 rw-p 00000000 00:00 0 
7ff740021000-7ff744000000 ---p 00000000 00:00 0 
7ff748000000-7ff748021000 rw-p 00000000 00:00 0 
7ff748021000-7ff74c000000 ---p 00000000 00:00 0 
7ff750000000-7ff750021000 rw-p 00000000 00:00 0 
7ff750021000-7ff754000000 ---p 00000000 00:00 0 
7ff758000000-7ff758021000 rw-p 00000000 00:00 0 
7ff758021000-7ff75c000000 ---p 00000000 00:00 0 
7ff760000000-7ff760021000 rw-p 00000000 00:00 0 
7ff760021000-7ff764000000 ---p 00000000 00:00 0 
7ff768000000-7ff768021000 rw-p 00000000 00:00 0 
7ff768021000-7ff76c000000 ---p 00000000 00:00 0 
7ff770000000-7ff770021000 rw-p 00000000 00:00 0 
7ff770021000-7ff774000000 ---p 00000000 00:00 0 
7ff778000000-7ff778021000 rw-p 00000000 00:00 0 
7ff778021000-7ff77c000000 ---p 00000000 00:00 0 
7ff77df73000-7ff77e074000 rw-p 00000000 00:00 0 
7ff77e074000-7ff77e077000 ---p 00000000 00:00 0 
7ff77e077000-7ff77e175000 rw-p 00000000 00:00 0 
7ff77e175000-7ff77e178000 ---p 00000000 00:00 0 
7ff77e178000-7ff77e276000 rw-p 00000000 00:00 0 
7ff77e276000-7ff77e27b000 r-xp 00000000 fd:00 133                        /lib64/libnss_dns-2.12.so
7ff77e27b000-7ff77e47a000 ---p 00005000 fd:00 133                        /lib64/libnss_dns-2.12.so
7ff77e47a000-7ff77e47b000 r--p 00004000 fd:00 133                        /lib64/libnss_dns-2.12.so
7ff77e47b000-7ff77e47c000 rw-p 00005000 fd:00 133                        /lib64/libnss_dns-2.12.so
7ff77e47c000-7ff77e47f000 ---p 00000000 00:00 0 
7ff77e47f000-7ff77e57d000 rw-p 00000000 00:00 0 
7ff77e57d000-7ff77e5af000 r-xp 00000000 fd:05 131658                     /usr/lib/jvm/java-1.7.0-oracle-1.7.0.65.x86_64/jre/lib/amd64/libsunec.so
7ff77e5af000-7ff77e7ae000 ---p 00032000 fd:05 131658                     /usr/lib/jvm/java-1.7.0-oracle-1.7.0.65.x86_64/jre/lib/amd64/libsunec.so
7ff77e7ae000-7ff77e7b4000 rw-p 00031000 fd:05 131658                     /usr/lib/jvm/java-1.7.0-oracle-1.7.0.65.x86_64/jre/lib/amd64/libsunec.so
7ff77e7b4000-7ff77e7c4000 rw-p 00000000 00:00 0 
7ff77e7c4000-7ff77e7da000 r-xp 00000000 fd:05 131651                     /usr/lib/jvm/java-1.7.0-oracle-1.7.0.65.x86_64/jre/lib/amd64/libnet.so
7ff77e7da000-7ff77e9da000 ---p 00016000 fd:05 131651                     /usr/lib/jvm/java-1.7.0-oracle-1.7.0.65.x86_64/jre/lib/amd64/libnet.so
7ff77e9da000-7ff77e9db000 rw-p 00016000 fd:05 131651                     /usr/lib/jvm/java-1.7.0-oracle-1.7.0.65.x86_64/jre/lib/amd64/libnet.so
7ff77e9db000-7ff77e9eb000 r-xp 00000000 fd:05 131652                     /usr/lib/jvm/java-1.7.0-oracle-1.7.0.65.x86_64/jre/lib/amd64/libnio.so
7ff77e9eb000-7ff77ebeb000 ---p 00010000 fd:05 131652                     /usr/lib/jvm/java-1.7.0-oracle-1.7.0.65.x86_64/jre/lib/amd64/libnio.so
7ff77ebeb000-7ff77ebec000 rw-p 00010000 fd:05 131652                     /usr/lib/jvm/java-1.7.0-oracle-1.7.0.65.x86_64/jre/lib/amd64/libnio.so
7ff77ebec000-7ff77ebed000 ---p 00000000 00:00 0 
7ff77ebed000-7ff77eced000 rw-p 00000000 00:00 0 
7ff77eced000-7ff77ecf0000 ---p 00000000 00:00 0 
7ff77ecf0000-7ff77edee000 rw-p 00000000 00:00 0 
7ff77edee000-7ff77edf1000 ---p 00000000 00:00 0 
7ff77edf1000-7ff77eeef000 rw-p 00000000 00:00 0 
7ff77eeef000-7ff77eef2000 ---p 00000000 00:00 0 
7ff77eef2000-7ff77eff0000 rw-p 00000000 00:00 0 
7ff77eff0000-7ff77eff3000 ---p 00000000 00:00 0 
7ff77eff3000-7ff77f0f1000 rw-p 00000000 00:00 0 
7ff77f0f1000-7ff77f0f4000 ---p 00000000 00:00 0 
7ff77f0f4000-7ff77f1f2000 rw-p 00000000 00:00 0 
7ff77f1f2000-7ff77f1f5000 ---p 00000000 00:00 0 
7ff77f1f5000-7ff77f2f3000 rw-p 00000000 00:00 0 
7ff77f2f3000-7ff77f2f4000 ---p 00000000 00:00 0 
7ff77f2f4000-7ff780000000 rw-p 00000000 00:00 0 
7ff780000000-7ff780021000 rw-p 00000000 00:00 0 
7ff780021000-7ff784000000 ---p 00000000 00:00 0 
7ff784049000-7ff788000000 rw-p 00000000 00:00 0 
7ff788000000-7ff788021000 rw-p 00000000 00:00 0 
7ff788021000-7ff78c000000 ---p 00000000 00:00 0 
7ff78c00d000-7ff78c00f000 r--s 00002000 00:4a 2528720355                 /uio/hume/student-u29/stefanmg/.m2/repository/org/codehaus/plexus/plexus-compiler-javac/1.8.1/plexus-compiler-javac-1.8.1.jar
7ff78c00f000-7ff78c011000 r--s 00000000 00:4a 1367763428                 /uio/hume/student-u29/stefanmg/.m2/repository/org/codehaus/plexus/plexus-compiler-manager/1.8.1/plexus-compiler-manager-1.8.1.jar
7ff78c011000-7ff78c012000 r--s 00004000 00:4a 3840336560                 /uio/hume/student-u29/stefanmg/.m2/repository/org/codehaus/plexus/plexus-compiler-api/1.8.1/plexus-compiler-api-1.8.1.jar
7ff78c012000-7ff78c014000 r--s 00006000 00:4a 560833384                  /uio/hume/student-u29/stefanmg/.m2/repository/org/apache/maven/plugins/maven-compiler-plugin/2.3.2/maven-compiler-plugin-2.3.2.jar
7ff78c014000-7ff78c016000 r--s 0000d000 00:4a 1221589109                 /uio/hume/student-u29/stefanmg/.m2/repository/org/codehaus/plexus/plexus-interpolation/1.13/plexus-interpolation-1.13.jar
7ff78c016000-7ff78fe41000 rw-p 00000000 00:00 0 
7ff78fe41000-7ff790000000 r--s 039e7000 fd:05 160576                     /usr/lib/jvm/java-1.7.0-oracle-1.7.0.65.x86_64/jre/lib/rt.jar
7ff790000000-7ff790021000 rw-p 00000000 00:00 0 
7ff790021000-7ff794000000 ---p 00000000 00:00 0 
7ff794000000-7ff794002000 r--s 00009000 00:4a 1400109713                 /uio/hume/student-u29/stefanmg/.m2/repository/org/apache/maven/shared/maven-filtering/1.0/maven-filtering-1.0.jar
7ff794002000-7ff794004000 r--s 00002000 00:4a 4113740591                 /uio/hume/student-u29/stefanmg/.m2/repository/org/codehaus/plexus/plexus-interactivity-api/1.0-alpha-4/plexus-interactivity-api-1.0-alpha-4.jar
7ff794004000-7ff794006000 r--s 00006000 00:4a 3443570539                 /uio/hume/student-u29/stefanmg/.m2/repository/commons-cli/commons-cli/1.0/commons-cli-1.0.jar
7ff794006000-7ff794007000 r--s 00001000 00:4a 3891417138                 /uio/hume/student-u29/stefanmg/.m2/repository/org/apache/maven/doxia/doxia-sink-api/1.0-alpha-7/doxia-sink-api-1.0-alpha-7.jar
7ff794007000-7ff794008000 r--s 00002000 00:4a 3501421845                 /uio/hume/student-u29/stefanmg/.m2/repository/org/apache/maven/reporting/maven-reporting-api/2.0.6/maven-reporting-api-2.0.6.jar
7ff794008000-7ff79400a000 r--s 00005000 00:4a 3065871240                 /uio/hume/student-u29/stefanmg/.m2/repository/org/apache/maven/plugins/maven-resources-plugin/2.5/maven-resources-plugin-2.5.jar
7ff79400a000-7ff79400e000 r--s 0002d000 fd:05 131785                     /usr/lib/jvm/java-1.7.0-oracle-1.7.0.65.x86_64/jre/lib/ext/sunjce_provider.jar
7ff79400e000-7ff79400f000 r--s 00003000 fd:05 131784                     /usr/lib/jvm/java-1.7.0-oracle-1.7.0.65.x86_64/jre/lib/ext/sunec.jar
7ff79400f000-7ff794013000 r--s 00037000 fd:05 131786                     /usr/lib/jvm/java-1.7.0-oracle-1.7.0.65.x86_64/jre/lib/ext/sunpkcs11.jar
7ff794013000-7ff794015000 r--s 00019000 fd:05 131826                     /usr/lib/jvm/java-1.7.0-oracle-1.7.0.65.x86_64/jre/lib/jce.jar
7ff794015000-7ff794019000 r--s 00033000 00:4a 1236262214                 /uio/hume/student-u29/stefanmg/.m2/repository/org/codehaus/plexus/plexus-utils/2.0.5/plexus-utils-2.0.5.jar
7ff794019000-7ff79401c000 r--s 0001b000 00:4a 2913518620                 /uio/hume/student-u29/stefanmg/.m2/repository/junit/junit/3.8.1/junit-3.8.1.jar
7ff79401c000-7ff79401f000 ---p 00000000 00:00 0 
7ff79401f000-7ff794055000 rw-p 00000000 00:00 0 
7ff794055000-7ff794056000 r--p 00000000 00:00 0 
7ff794056000-7ff79405b000 r--s 00089000 fd:05 131832                     /usr/lib/jvm/java-1.7.0-oracle-1.7.0.65.x86_64/jre/lib/jsse.jar
7ff79405b000-7ff79405d000 r--s 00002000 fd:03 1457775                    /opt/ifi/apache-maven-3.0.5/lib/plexus-cipher-1.7.jar
7ff79405d000-7ff794061000 r--s 00021000 fd:03 1457783                    /opt/ifi/apache-maven-3.0.5/lib/maven-model-builder-3.0.5.jar
7ff794061000-7ff794092000 rw-p 00000000 00:00 0 
7ff794092000-7ff79409e000 r--s 0007d000 fd:03 1457769                    /opt/ifi/apache-maven-3.0.5/lib/maven-core-3.0.5.jar
7ff79409e000-7ff7940b9000 r--s 000fa000 fd:03 1457792                    /opt/ifi/apache-maven-3.0.5/lib/wagon-http-2.4-shaded.jar
7ff7940b9000-7ff7940c0000 r--s 00040000 fd:03 1457780                    /opt/ifi/apache-maven-3.0.5/lib/sisu-inject-bean-2.3.0.jar
7ff7940c0000-7ff7940c8000 r--s 00050000 fd:03 1457781                    /opt/ifi/apache-maven-3.0.5/lib/sisu-guice-3.1.0-no_aop.jar
7ff7940c8000-7ff7940e7000 r--s 00152000 fd:03 1457782                    /opt/ifi/apache-maven-3.0.5/lib/sisu-guava-0.9.9.jar
7ff7940e7000-7ff798000000 rw-p 00000000 00:00 0 
7ff798000000-7ff798021000 rw-p 00000000 00:00 0 
7ff798021000-7ff79c000000 ---p 00000000 00:00 0 
7ff79c000000-7ff79c021000 rw-p 00000000 00:00 0 
7ff79c021000-7ff7a0000000 ---p 00000000 00:00 0 
7ff7a0000000-7ff7a0021000 rw-p 00000000 00:00 0 
7ff7a0021000-7ff7a4000000 ---p 00000000 00:00 0 
7ff7a4000000-7ff7a4021000 rw-p 00000000 00:00 0 
7ff7a4021000-7ff7a8000000 ---p 00000000 00:00 0 
7ff7a8000000-7ff7a8021000 rw-p 00000000 00:00 0 
7ff7a8021000-7ff7ac000000 ---p 00000000 00:00 0 
7ff7ac000000-7ff7ac021000 rw-p 00000000 00:00 0 
7ff7ac021000-7ff7b0000000 ---p 00000000 00:00 0 
7ff7b0000000-7ff7b0021000 rw-p 00000000 00:00 0 
7ff7b0021000-7ff7b4000000 ---p 00000000 00:00 0 
7ff7b4000000-7ff7b4021000 rw-p 00000000 00:00 0 
7ff7b4021000-7ff7b8000000 ---p 00000000 00:00 0 
7ff7b8000000-7ff7b8021000 rw-p 00000000 00:00 0 
7ff7b8021000-7ff7bc000000 ---p 00000000 00:00 0 
7ff7bc000000-7ff7bc001000 r--s 00001000 00:4a 3423077248                 /uio/hume/student-u29/stefanmg/.m2/repository/org/sonatype/plexus/plexus-build-api/0.0.4/plexus-build-api-0.0.4.jar
7ff7bc001000-7ff7bc002000 r--s 00002000 00:4a 350863103                  /uio/hume/student-u29/stefanmg/.m2/repository/org/codehaus/plexus/plexus-digest/1.0/plexus-digest-1.0.jar
7ff7bc002000-7ff7bc003000 r--s 00005000 00:4a 4143852378                 /uio/hume/student-u29/stefanmg/.m2/repository/org/apache/maven/plugins/maven-install-plugin/2.3.1/maven-install-plugin-2.3.1.jar
7ff7bc003000-7ff7bc009000 r--s 0003f000 fd:03 1457789                    /opt/ifi/apache-maven-3.0.5/lib/maven-compat-3.0.5.jar
7ff7bc009000-7ff7bc00b000 r--s 0000b000 fd:03 1457777                    /opt/ifi/apache-maven-3.0.5/lib/maven-artifact-3.0.5.jar
7ff7bc00b000-7ff7bc00d000 r--s 0000c000 fd:03 1457784                    /opt/ifi/apache-maven-3.0.5/lib/maven-aether-provider-3.0.5.jar
7ff7bc00d000-7ff7bc00e000 r--s 00003000 fd:03 1457786                    /opt/ifi/apache-maven-3.0.5/lib/aether-spi-1.13.1.jar
7ff7bc00e000-7ff7bc02f000 rw-p 00000000 00:00 0 
7ff7bc02f000-7ff7bc030000 ---p 00000000 00:00 0 
7ff7bc030000-7ff7bc130000 rw-p 00000000 00:00 0 
7ff7bc130000-7ff7bc131000 ---p 00000000 00:00 0 
7ff7bc131000-7ff7bc231000 rw-p 00000000 00:00 0 
7ff7bc231000-7ff7bc232000 ---p 00000000 00:00 0 
7ff7bc232000-7ff7bc332000 rw-p 00000000 00:00 0 
7ff7bc332000-7ff7bc333000 ---p 00000000 00:00 0 
7ff7bc333000-7ff7bc433000 rw-p 00000000 00:00 0 
7ff7bc433000-7ff7bc434000 ---p 00000000 00:00 0 
7ff7bc434000-7ff7bc534000 rw-p 00000000 00:00 0 
7ff7bc534000-7ff7bc535000 ---p 00000000 00:00 0 
7ff7bc535000-7ff7bc635000 rw-p 00000000 00:00 0 
7ff7bc635000-7ff7bc636000 ---p 00000000 00:00 0 
7ff7bc636000-7ff7bc736000 rw-p 00000000 00:00 0 
7ff7bc736000-7ff7bc737000 ---p 00000000 00:00 0 
7ff7bc737000-7ff7bc837000 rw-p 00000000 00:00 0 
7ff7bc837000-7ff7bc838000 ---p 00000000 00:00 0 
7ff7bc838000-7ff7bc938000 rw-p 00000000 00:00 0 
7ff7bc938000-7ff7bc939000 ---p 00000000 00:00 0 
7ff7bc939000-7ff7bca39000 rw-p 00000000 00:00 0 
7ff7bca39000-7ff7bca3a000 ---p 00000000 00:00 0 
7ff7bca3a000-7ff7bcb3a000 rw-p 00000000 00:00 0 
7ff7bcb3a000-7ff7bcb3b000 ---p 00000000 00:00 0 
7ff7bcb3b000-7ff7bcc3b000 rw-p 00000000 00:00 0 
7ff7bcc3b000-7ff7bcc3c000 ---p 00000000 00:00 0 
7ff7bcc3c000-7ff7bcd3c000 rw-p 00000000 00:00 0 
7ff7bcd3c000-7ff7bcd3d000 ---p 00000000 00:00 0 
7ff7bcd3d000-7ff7bce3d000 rw-p 00000000 00:00 0 
7ff7bce3d000-7ff7bce3e000 ---p 00000000 00:00 0 
7ff7bce3e000-7ff7bcf3e000 rw-p 00000000 00:00 0 
7ff7bcf3e000-7ff7bcf3f000 ---p 00000000 00:00 0 
7ff7bcf3f000-7ff7bd03f000 rw-p 00000000 00:00 0 
7ff7bd03f000-7ff7bd040000 ---p 00000000 00:00 0 
7ff7bd040000-7ff7bd140000 rw-p 00000000 00:00 0 
7ff7bd140000-7ff7bd141000 ---p 00000000 00:00 0 
7ff7bd141000-7ff7bd241000 rw-p 00000000 00:00 0 
7ff7bd241000-7ff7bd242000 ---p 00000000 00:00 0 
7ff7bd242000-7ff7bd342000 rw-p 00000000 00:00 0 
7ff7bd342000-7ff7bd343000 ---p 00000000 00:00 0 
7ff7bd343000-7ff7bd443000 rw-p 00000000 00:00 0 
7ff7bd443000-7ff7bd444000 ---p 00000000 00:00 0 
7ff7bd444000-7ff7bd544000 rw-p 00000000 00:00 0 
7ff7bd544000-7ff7bd545000 ---p 00000000 00:00 0 
7ff7bd545000-7ff7bd645000 rw-p 00000000 00:00 0 
7ff7bd645000-7ff7bd646000 ---p 00000000 00:00 0 
7ff7bd646000-7ff7bd746000 rw-p 00000000 00:00 0 
7ff7bd746000-7ff7bd747000 ---p 00000000 00:00 0 
7ff7bd747000-7ff7bd847000 rw-p 00000000 00:00 0 
7ff7bd847000-7ff7bd848000 ---p 00000000 00:00 0 
7ff7bd848000-7ff7bd948000 rw-p 00000000 00:00 0 
7ff7bd948000-7ff7bd949000 ---p 00000000 00:00 0 
7ff7bd949000-7ff7bda49000 rw-p 00000000 00:00 0 
7ff7bda49000-7ff7bda4a000 ---p 00000000 00:00 0 
7ff7bda4a000-7ff7bdb4a000 rw-p 00000000 00:00 0 
7ff7bdb4a000-7ff7bdb4b000 ---p 00000000 00:00 0 
7ff7bdb4b000-7ff7bdc4b000 rw-p 00000000 00:00 0 
7ff7bdc4b000-7ff7bdc4c000 ---p 00000000 00:00 0 
7ff7bdc4c000-7ff7bdd4c000 rw-p 00000000 00:00 0 
7ff7bdd4c000-7ff7bdd4d000 ---p 00000000 00:00 0 
7ff7bdd4d000-7ff7bde4d000 rw-p 00000000 00:00 0 
7ff7bde4d000-7ff7bde4e000 ---p 00000000 00:00 0 
7ff7bde4e000-7ff7bdf4e000 rw-p 00000000 00:00 0 
7ff7bdf4e000-7ff7bdf4f000 ---p 00000000 00:00 0 
7ff7bdf4f000-7ff7be04f000 rw-p 00000000 00:00 0 
7ff7be04f000-7ff7be050000 ---p 00000000 00:00 0 
7ff7be050000-7ff7be150000 rw-p 00000000 00:00 0 
7ff7be150000-7ff7be151000 ---p 00000000 00:00 0 
7ff7be151000-7ff7be251000 rw-p 00000000 00:00 0 
7ff7be251000-7ff7be252000 ---p 00000000 00:00 0 
7ff7be252000-7ff7be352000 rw-p 00000000 00:00 0 
7ff7be352000-7ff7be353000 ---p 00000000 00:00 0 
7ff7be353000-7ff7be453000 rw-p 00000000 00:00 0 
7ff7be453000-7ff7be454000 ---p 00000000 00:00 0 
7ff7be454000-7ff7be554000 rw-p 00000000 00:00 0 
7ff7be554000-7ff7be555000 ---p 00000000 00:00 0 
7ff7be555000-7ff7be655000 rw-p 00000000 00:00 0 
7ff7be655000-7ff7be656000 ---p 00000000 00:00 0 
7ff7be656000-7ff7be756000 rw-p 00000000 00:00 0 
7ff7be756000-7ff7be757000 ---p 00000000 00:00 0 
7ff7be757000-7ff7be857000 rw-p 00000000 00:00 0 
7ff7be857000-7ff7be858000 ---p 00000000 00:00 0 
7ff7be858000-7ff7be958000 rw-p 00000000 00:00 0 
7ff7be958000-7ff7be959000 ---p 00000000 00:00 0 
7ff7be959000-7ff7bea59000 rw-p 00000000 00:00 0 
7ff7bea59000-7ff7bea5a000 ---p 00000000 00:00 0 
7ff7bea5a000-7ff7bedfa000 rw-p 00000000 00:00 0 
7ff7bedfa000-7ff7c133f000 rw-p 00000000 00:00 0 
7ff7c133f000-7ff7c134a000 rw-p 00000000 00:00 0 
7ff7c134a000-7ff7c1368000 rw-p 00000000 00:00 0 
7ff7c1368000-7ff7c1608000 rw-p 00000000 00:00 0 
7ff7c1608000-7ff7c3b4c000 rw-p 00000000 00:00 0 
7ff7c3b4c000-7ff7c3c9d000 rw-p 00000000 00:00 0 
7ff7c3c9d000-7ff7c4f3f000 rw-p 00000000 00:00 0 
7ff7c4f3f000-7ff7c4f4a000 rw-p 00000000 00:00 0 
7ff7c4f4a000-7ff7c5000000 rw-p 00000000 00:00 0 
7ff7c5000000-7ff7c5270000 rwxp 00000000 00:00 0 
7ff7c5270000-7ff7c8748000 rw-p 00000000 00:00 0 
7ff7c8748000-7ff7cc000000 ---p 00000000 00:00 0 
7ff7cc000000-7ff7cc002000 r--s 0000d000 fd:03 1457772                    /opt/ifi/apache-maven-3.0.5/lib/plexus-interpolation-1.14.jar
7ff7cc002000-7ff7cc004000 r--s 00006000 fd:03 1457776                    /opt/ifi/apache-maven-3.0.5/lib/maven-repository-metadata-3.0.5.jar
7ff7cc004000-7ff7cc007000 r--s 00013000 fd:03 1457785                    /opt/ifi/apache-maven-3.0.5/lib/aether-api-1.13.1.jar
7ff7cc007000-7ff7cc009000 r--s 00000000 fd:03 1457773                    /opt/ifi/apache-maven-3.0.5/lib/plexus-component-annotations-1.5.5.jar
7ff7cc009000-7ff7cc00b000 r--s 0000a000 fd:03 1457767                    /opt/ifi/apache-maven-3.0.5/lib/maven-settings-3.0.5.jar
7ff7cc00b000-7ff7cc00d000 r--s 00006000 fd:03 1457794                    /opt/ifi/apache-maven-3.0.5/lib/aether-connector-wagon-1.13.1.jar
7ff7cc00d000-7ff7cc00f000 r--s 0000b000 fd:03 1457790                    /opt/ifi/apache-maven-3.0.5/lib/wagon-provider-api-2.4.jar
7ff7cc00f000-7ff7cc0b3000 rw-p 00000000 00:00 0 
7ff7cc0b3000-7ff7cc0cd000 r-xp 00000000 fd:05 131662                     /usr/lib/jvm/java-1.7.0-oracle-1.7.0.65.x86_64/jre/lib/amd64/libzip.so
7ff7cc0cd000-7ff7cc2cd000 ---p 0001a000 fd:05 131662                     /usr/lib/jvm/java-1.7.0-oracle-1.7.0.65.x86_64/jre/lib/amd64/libzip.so
7ff7cc2cd000-7ff7cc2ce000 rw-p 0001a000 fd:05 131662                     /usr/lib/jvm/java-1.7.0-oracle-1.7.0.65.x86_64/jre/lib/amd64/libzip.so
7ff7cc2ce000-7ff7cc94c000 r--s 00000000 fd:02 131901                     /var/lib/sss/mc/passwd
7ff7cc94c000-7ff7cc953000 r-xp 00000000 fd:00 6666                       /lib64/libnss_sss.so.2
7ff7cc953000-7ff7ccb53000 ---p 00007000 fd:00 6666                       /lib64/libnss_sss.so.2
7ff7ccb53000-7ff7ccb54000 rw-p 00007000 fd:00 6666                       /lib64/libnss_sss.so.2
7ff7ccb54000-7ff7ccb5c000 r-xp 00000000 fd:00 131                        /lib64/libnss_compat-2.12.so
7ff7ccb5c000-7ff7ccd5b000 ---p 00008000 fd:00 131                        /lib64/libnss_compat-2.12.so
7ff7ccd5b000-7ff7ccd5c000 r--p 00007000 fd:00 131                        /lib64/libnss_compat-2.12.so
7ff7ccd5c000-7ff7ccd5d000 rw-p 00008000 fd:00 131                        /lib64/libnss_compat-2.12.so
7ff7ccd5d000-7ff7ccd68000 rw-p 00000000 00:00 0 
7ff7ccd68000-7ff7ccd86000 rw-p 00000000 00:00 0 
7ff7ccd86000-7ff7ccdaf000 r-xp 00000000 fd:05 131638                     /usr/lib/jvm/java-1.7.0-oracle-1.7.0.65.x86_64/jre/lib/amd64/libjava.so
7ff7ccdaf000-7ff7ccfaf000 ---p 00029000 fd:05 131638                     /usr/lib/jvm/java-1.7.0-oracle-1.7.0.65.x86_64/jre/lib/amd64/libjava.so
7ff7ccfaf000-7ff7ccfb1000 rw-p 00029000 fd:05 131638                     /usr/lib/jvm/java-1.7.0-oracle-1.7.0.65.x86_64/jre/lib/amd64/libjava.so
7ff7ccfb1000-7ff7ccfbe000 r-xp 00000000 fd:05 131661                     /usr/lib/jvm/java-1.7.0-oracle-1.7.0.65.x86_64/jre/lib/amd64/libverify.so
7ff7ccfbe000-7ff7cd1bd000 ---p 0000d000 fd:05 131661                     /usr/lib/jvm/java-1.7.0-oracle-1.7.0.65.x86_64/jre/lib/amd64/libverify.so
7ff7cd1bd000-7ff7cd1bf000 rw-p 0000c000 fd:05 131661                     /usr/lib/jvm/java-1.7.0-oracle-1.7.0.65.x86_64/jre/lib/amd64/libverify.so
7ff7cd1bf000-7ff7cd1c2000 ---p 00000000 00:00 0 
7ff7cd1c2000-7ff7cd2c0000 rw-p 00000000 00:00 0 
7ff7cd2c0000-7ff7cd343000 r-xp 00000000 fd:00 9962                       /lib64/libm-2.12.so
7ff7cd343000-7ff7cd542000 ---p 00083000 fd:00 9962                       /lib64/libm-2.12.so
7ff7cd542000-7ff7cd543000 r--p 00082000 fd:00 9962                       /lib64/libm-2.12.so
7ff7cd543000-7ff7cd544000 rw-p 00083000 fd:00 9962                       /lib64/libm-2.12.so
7ff7cd544000-7ff7ce0b4000 r-xp 00000000 fd:05 131666                     /usr/lib/jvm/java-1.7.0-oracle-1.7.0.65.x86_64/jre/lib/amd64/server/libjvm.so
7ff7ce0b4000-7ff7ce2b4000 ---p 00b70000 fd:05 131666                     /usr/lib/jvm/java-1.7.0-oracle-1.7.0.65.x86_64/jre/lib/amd64/server/libjvm.so
7ff7ce2b4000-7ff7ce378000 rw-p 00b70000 fd:05 131666                     /usr/lib/jvm/java-1.7.0-oracle-1.7.0.65.x86_64/jre/lib/amd64/server/libjvm.so
7ff7ce378000-7ff7ce3bd000 rw-p 00000000 00:00 0 
7ff7ce3bd000-7ff7ce3bf000 r--s 00009000 fd:03 1457791                    /opt/ifi/apache-maven-3.0.5/lib/commons-cli-1.2.jar
7ff7ce3bf000-7ff7ce3c0000 r--s 00006000 fd:03 1457774                    /opt/ifi/apache-maven-3.0.5/lib/plexus-sec-dispatcher-1.3.jar
7ff7ce3c0000-7ff7ce3c3000 r--s 00008000 fd:03 1457771                    /opt/ifi/apache-maven-3.0.5/lib/maven-settings-builder-3.0.5.jar
7ff7ce3c3000-7ff7ce3c9000 r--s 0002c000 fd:03 1457779                    /opt/ifi/apache-maven-3.0.5/lib/sisu-inject-plexus-2.3.0.jar
7ff7ce3c9000-7ff7ce3cc000 r--s 0001d000 fd:03 1457788                    /opt/ifi/apache-maven-3.0.5/lib/aether-impl-1.13.1.jar
7ff7ce3cc000-7ff7ce3d0000 r--s 0001c000 fd:03 1457787                    /opt/ifi/apache-maven-3.0.5/lib/aether-util-1.13.1.jar
7ff7ce3d0000-7ff7ce3d4000 r--s 00033000 fd:03 1457768                    /opt/ifi/apache-maven-3.0.5/lib/plexus-utils-2.0.6.jar
7ff7ce3d4000-7ff7ce3d5000 r--s 00002000 fd:03 1457793                    /opt/ifi/apache-maven-3.0.5/lib/wagon-file-2.4.jar
7ff7ce3d5000-7ff7ce3d7000 r--s 0000b000 fd:03 1457778                    /opt/ifi/apache-maven-3.0.5/lib/maven-plugin-api-3.0.5.jar
7ff7ce3d7000-7ff7ce3d8000 r--s 0000a000 fd:03 1457766                    /opt/ifi/apache-maven-3.0.5/lib/maven-embedder-3.0.5.jar
7ff7ce3d8000-7ff7ce3da000 r--s 00026000 fd:03 1457770                    /opt/ifi/apache-maven-3.0.5/lib/maven-model-3.0.5.jar
7ff7ce3da000-7ff7ce3dc000 r--s 0000a000 fd:03 1457765                    /opt/ifi/apache-maven-3.0.5/boot/plexus-classworlds-2.4.jar
7ff7ce3dc000-7ff7ce3e4000 rw-s 00000000 fd:04 133087                     /tmp/hsperfdata_stefanmg/12841
7ff7ce3e4000-7ff7ce3e5000 rw-p 00000000 00:00 0 
7ff7ce3e5000-7ff7ce3e6000 ---p 00000000 00:00 0 
7ff7ce3e6000-7ff7ce3e7000 rw-p 00000000 00:00 0 
7fff872e8000-7fff872fd000 rw-p 00000000 00:00 0                          [stack]
7fff87314000-7fff87315000 r-xp 00000000 00:00 0                          [vdso]
ffffffffff600000-ffffffffff601000 r-xp 00000000 00:00 0                  [vsyscall]

VM Arguments:
jvm_args: -Dclassworlds.conf=/opt/ifi/apache-maven-3.0.5/bin/m2.conf -Dmaven.home=/opt/ifi/apache-maven-3.0.5 
java_command: org.codehaus.plexus.classworlds.launcher.Launcher install
Launcher Type: SUN_STANDARD

Environment Variables:
JAVA_HOME=/usr/lib/jvm/java-1.7.0-oracle-1.7.0.65.x86_64
CLASSPATH=/usr/share/java:/usr/share/java/postgresql-jdbc.jar:.
PATH=/opt/texlive/local-texmf/bin/x86_64-linux:/opt/texlive/uio-texmf/bin/x86_64-linux:/usr/lib64/qt-3.3/bin:/opt/app-sync/mathematica/bin:/opt/app-sync/xite/bin:/opt/app-sync/envi/bin:/opt/app-sync/cplex/bin:/opt/app-sync/maple/bin:/opt/app-sync/matlab/bin:/usr/local/bin:/bin:/usr/bin:/snacks/bin:/uio/hume/student-u29/stefanmg/opt/eclipse:/usr/local/sbin:/usr/sbin:/sbin
SHELL=/local/gnu/bin/bash
DISPLAY=localhost:23.0

Signal Handlers:
SIGSEGV: [libjvm.so+0x99f700], sa_mask[0]=0x7ffbfeff, sa_flags=0x10000004
SIGBUS: [libjvm.so+0x99f700], sa_mask[0]=0x7ffbfeff, sa_flags=0x10000004
SIGFPE: [libjvm.so+0x81aab0], sa_mask[0]=0x7ffbfeff, sa_flags=0x10000004
SIGPIPE: [libjvm.so+0x81aab0], sa_mask[0]=0x7ffbfeff, sa_flags=0x10000004
SIGXFSZ: [libjvm.so+0x81aab0], sa_mask[0]=0x7ffbfeff, sa_flags=0x10000004
SIGILL: [libjvm.so+0x81aab0], sa_mask[0]=0x7ffbfeff, sa_flags=0x10000004
SIGUSR1: SIG_DFL, sa_mask[0]=0x00000000, sa_flags=0x00000000
SIGUSR2: [libjvm.so+0x81c2b0], sa_mask[0]=0x00000000, sa_flags=0x10000004
SIGHUP: [libjvm.so+0x81d3b0], sa_mask[0]=0x7ffbfeff, sa_flags=0x10000004
SIGINT: [libjvm.so+0x81d3b0], sa_mask[0]=0x7ffbfeff, sa_flags=0x10000004
SIGTERM: [libjvm.so+0x81d3b0], sa_mask[0]=0x7ffbfeff, sa_flags=0x10000004
SIGQUIT: [libjvm.so+0x81d3b0], sa_mask[0]=0x7ffbfeff, sa_flags=0x10000004


---------------  S Y S T E M  ---------------

OS:Red Hat Enterprise Linux Server release 6.5 (Santiago)

uname:Linux 2.6.32-431.23.3.el6.x86_64 #1 SMP Wed Jul 16 06:12:23 EDT 2014 x86_64
libc:glibc 2.12 NPTL 2.12 
rlimit: STACK 10240k, CORE 0k, NPROC 256, NOFILE 4096, AS 36700160k
load average:3.00 3.43 3.33

/proc/meminfo:
MemTotal:       132138084 kB
MemFree:        19204888 kB
Buffers:           61656 kB
Cached:         102838732 kB
SwapCached:            0 kB
Active:         16774296 kB
Inactive:       89782352 kB
Active(anon):    3651648 kB
Inactive(anon):    61356 kB
Active(file):   13122648 kB
Inactive(file): 89720996 kB
Unevictable:           0 kB
Mlocked:               0 kB
SwapTotal:      10485752 kB
SwapFree:       10485752 kB
Dirty:               848 kB
Writeback:             0 kB
AnonPages:       3662960 kB
Mapped:           419144 kB
Shmem:             56732 kB
Slab:            5390056 kB
SReclaimable:    4911172 kB
SUnreclaim:       478884 kB
KernelStack:       16952 kB
PageTables:       141064 kB
NFS_Unstable:          0 kB
Bounce:                0 kB
WritebackTmp:          0 kB
CommitLimit:    76554792 kB
Committed_AS:   16542348 kB
VmallocTotal:   34359738367 kB
VmallocUsed:      502580 kB
VmallocChunk:   34257088696 kB
HardwareCorrupted:     0 kB
AnonHugePages:   1824768 kB
HugePages_Total:       0
HugePages_Free:        0
HugePages_Rsvd:        0
HugePages_Surp:        0
Hugepagesize:       2048 kB
DirectMap4k:        7392 kB
DirectMap2M:    134197248 kB


CPU:total 64 (8 cores per cpu, 2 threads per core) family 6 model 46 stepping 6, cmov, cx8, fxsr, mmx, sse, sse2, sse3, ssse3, sse4.1, sse4.2, popcnt, ht, tsc, tscinvbit

/proc/cpuinfo:
processor	: 0
vendor_id	: GenuineIntel
cpu family	: 6
model		: 46
model name	: Intel(R) Xeon(R) CPU           L7555  @ 1.87GHz
stepping	: 6
cpu MHz		: 1862.052
cache size	: 24576 KB
physical id	: 0
siblings	: 16
core id		: 0
cpu cores	: 8
apicid		: 0
initial apicid	: 0
fpu		: yes
fpu_exception	: yes
cpuid level	: 11
wp		: yes
flags		: fpu vme de pse tsc msr pae mce cx8 apic sep mtrr pge mca cmov pat pse36 clflush dts acpi mmx fxsr sse sse2 ss ht tm pbe syscall nx rdtscp lm constant_tsc arch_perfmon pebs bts rep_good xtopology nonstop_tsc aperfmperf pni dtes64 monitor ds_cpl vmx est tm2 ssse3 cx16 xtpr pdcm dca sse4_1 sse4_2 x2apic popcnt lahf_lm ida dts tpr_shadow vnmi flexpriority ept vpid
bogomips	: 3724.10
clflush size	: 64
cache_alignment	: 64
address sizes	: 44 bits physical, 48 bits virtual
power management:

processor	: 1
vendor_id	: GenuineIntel
cpu family	: 6
model		: 46
model name	: Intel(R) Xeon(R) CPU           L7555  @ 1.87GHz
stepping	: 6
cpu MHz		: 1862.052
cache size	: 24576 KB
physical id	: 1
siblings	: 16
core id		: 0
cpu cores	: 8
apicid		: 32
initial apicid	: 32
fpu		: yes
fpu_exception	: yes
cpuid level	: 11
wp		: yes
flags		: fpu vme de pse tsc msr pae mce cx8 apic sep mtrr pge mca cmov pat pse36 clflush dts acpi mmx fxsr sse sse2 ss ht tm pbe syscall nx rdtscp lm constant_tsc arch_perfmon pebs bts rep_good xtopology nonstop_tsc aperfmperf pni dtes64 monitor ds_cpl vmx est tm2 ssse3 cx16 xtpr pdcm dca sse4_1 sse4_2 x2apic popcnt lahf_lm ida dts tpr_shadow vnmi flexpriority ept vpid
bogomips	: 3723.46
clflush size	: 64
cache_alignment	: 64
address sizes	: 44 bits physical, 48 bits virtual
power management:

processor	: 2
vendor_id	: GenuineIntel
cpu family	: 6
model		: 46
model name	: Intel(R) Xeon(R) CPU           L7555  @ 1.87GHz
stepping	: 6
cpu MHz		: 1862.052
cache size	: 24576 KB
physical id	: 2
siblings	: 16
core id		: 0
cpu cores	: 8
apicid		: 64
initial apicid	: 64
fpu		: yes
fpu_exception	: yes
cpuid level	: 11
wp		: yes
flags		: fpu vme de pse tsc msr pae mce cx8 apic sep mtrr pge mca cmov pat pse36 clflush dts acpi mmx fxsr sse sse2 ss ht tm pbe syscall nx rdtscp lm constant_tsc arch_perfmon pebs bts rep_good xtopology nonstop_tsc aperfmperf pni dtes64 monitor ds_cpl vmx est tm2 ssse3 cx16 xtpr pdcm dca sse4_1 sse4_2 x2apic popcnt lahf_lm ida dts tpr_shadow vnmi flexpriority ept vpid
bogomips	: 3723.47
clflush size	: 64
cache_alignment	: 64
address sizes	: 44 bits physical, 48 bits virtual
power management:

processor	: 3
vendor_id	: GenuineIntel
cpu family	: 6
model		: 46
model name	: Intel(R) Xeon(R) CPU           L7555  @ 1.87GHz
stepping	: 6
cpu MHz		: 1862.052
cache size	: 24576 KB
physical id	: 3
siblings	: 16
core id		: 0
cpu cores	: 8
apicid		: 96
initial apicid	: 96
fpu		: yes
fpu_exception	: yes
cpuid level	: 11
wp		: yes
flags		: fpu vme de pse tsc msr pae mce cx8 apic sep mtrr pge mca cmov pat pse36 clflush dts acpi mmx fxsr sse sse2 ss ht tm pbe syscall nx rdtscp lm constant_tsc arch_perfmon pebs bts rep_good xtopology nonstop_tsc aperfmperf pni dtes64 monitor ds_cpl vmx est tm2 ssse3 cx16 xtpr pdcm dca sse4_1 sse4_2 x2apic popcnt lahf_lm ida dts tpr_shadow vnmi flexpriority ept vpid
bogomips	: 3723.47
clflush size	: 64
cache_alignment	: 64
address sizes	: 44 bits physical, 48 bits virtual
power management:

processor	: 4
vendor_id	: GenuineIntel
cpu family	: 6
model		: 46
model name	: Intel(R) Xeon(R) CPU           L7555  @ 1.87GHz
stepping	: 6
cpu MHz		: 1862.052
cache size	: 24576 KB
physical id	: 0
siblings	: 16
core id		: 1
cpu cores	: 8
apicid		: 2
initial apicid	: 2
fpu		: yes
fpu_exception	: yes
cpuid level	: 11
wp		: yes
flags		: fpu vme de pse tsc msr pae mce cx8 apic sep mtrr pge mca cmov pat pse36 clflush dts acpi mmx fxsr sse sse2 ss ht tm pbe syscall nx rdtscp lm constant_tsc arch_perfmon pebs bts rep_good xtopology nonstop_tsc aperfmperf pni dtes64 monitor ds_cpl vmx est tm2 ssse3 cx16 xtpr pdcm dca sse4_1 sse4_2 x2apic popcnt lahf_lm ida dts tpr_shadow vnmi flexpriority ept vpid
bogomips	: 3724.10
clflush size	: 64
cache_alignment	: 64
address sizes	: 44 bits physical, 48 bits virtual
power management:

processor	: 5
vendor_id	: GenuineIntel
cpu family	: 6
model		: 46
model name	: Intel(R) Xeon(R) CPU           L7555  @ 1.87GHz
stepping	: 6
cpu MHz		: 1862.052
cache size	: 24576 KB
physical id	: 1
siblings	: 16
core id		: 1
cpu cores	: 8
apicid		: 34
initial apicid	: 34
fpu		: yes
fpu_exception	: yes
cpuid level	: 11
wp		: yes
flags		: fpu vme de pse tsc msr pae mce cx8 apic sep mtrr pge mca cmov pat pse36 clflush dts acpi mmx fxsr sse sse2 ss ht tm pbe syscall nx rdtscp lm constant_tsc arch_perfmon pebs bts rep_good xtopology nonstop_tsc aperfmperf pni dtes64 monitor ds_cpl vmx est tm2 ssse3 cx16 xtpr pdcm dca sse4_1 sse4_2 x2apic popcnt lahf_lm ida dts tpr_shadow vnmi flexpriority ept vpid
bogomips	: 3723.46
clflush size	: 64
cache_alignment	: 64
address sizes	: 44 bits physical, 48 bits virtual
power management:

processor	: 6
vendor_id	: GenuineIntel
cpu family	: 6
model		: 46
model name	: Intel(R) Xeon(R) CPU           L7555  @ 1.87GHz
stepping	: 6
cpu MHz		: 1862.052
cache size	: 24576 KB
physical id	: 2
siblings	: 16
core id		: 1
cpu cores	: 8
apicid		: 66
initial apicid	: 66
fpu		: yes
fpu_exception	: yes
cpuid level	: 11
wp		: yes
flags		: fpu vme de pse tsc msr pae mce cx8 apic sep mtrr pge mca cmov pat pse36 clflush dts acpi mmx fxsr sse sse2 ss ht tm pbe syscall nx rdtscp lm constant_tsc arch_perfmon pebs bts rep_good xtopology nonstop_tsc aperfmperf pni dtes64 monitor ds_cpl vmx est tm2 ssse3 cx16 xtpr pdcm dca sse4_1 sse4_2 x2apic popcnt lahf_lm ida dts tpr_shadow vnmi flexpriority ept vpid
bogomips	: 3723.47
clflush size	: 64
cache_alignment	: 64
address sizes	: 44 bits physical, 48 bits virtual
power management:

processor	: 7
vendor_id	: GenuineIntel
cpu family	: 6
model		: 46
model name	: Intel(R) Xeon(R) CPU           L7555  @ 1.87GHz
stepping	: 6
cpu MHz		: 1862.052
cache size	: 24576 KB
physical id	: 3
siblings	: 16
core id		: 1
cpu cores	: 8
apicid		: 98
initial apicid	: 98
fpu		: yes
fpu_exception	: yes
cpuid level	: 11
wp		: yes
flags		: fpu vme de pse tsc msr pae mce cx8 apic sep mtrr pge mca cmov pat pse36 clflush dts acpi mmx fxsr sse sse2 ss ht tm pbe syscall nx rdtscp lm constant_tsc arch_perfmon pebs bts rep_good xtopology nonstop_tsc aperfmperf pni dtes64 monitor ds_cpl vmx est tm2 ssse3 cx16 xtpr pdcm dca sse4_1 sse4_2 x2apic popcnt lahf_lm ida dts tpr_shadow vnmi flexpriority ept vpid
bogomips	: 3723.47
clflush size	: 64
cache_alignment	: 64
address sizes	: 44 bits physical, 48 bits virtual
power management:

processor	: 8
vendor_id	: GenuineIntel
cpu family	: 6
model		: 46
model name	: Intel(R) Xeon(R) CPU           L7555  @ 1.87GHz
stepping	: 6
cpu MHz		: 1862.052
cache size	: 24576 KB
physical id	: 0
siblings	: 16
core id		: 2
cpu cores	: 8
apicid		: 4
initial apicid	: 4
fpu		: yes
fpu_exception	: yes
cpuid level	: 11
wp		: yes
flags		: fpu vme de pse tsc msr pae mce cx8 apic sep mtrr pge mca cmov pat pse36 clflush dts acpi mmx fxsr sse sse2 ss ht tm pbe syscall nx rdtscp lm constant_tsc arch_perfmon pebs bts rep_good xtopology nonstop_tsc aperfmperf pni dtes64 monitor ds_cpl vmx est tm2 ssse3 cx16 xtpr pdcm dca sse4_1 sse4_2 x2apic popcnt lahf_lm ida dts tpr_shadow vnmi flexpriority ept vpid
bogomips	: 3724.10
clflush size	: 64
cache_alignment	: 64
address sizes	: 44 bits physical, 48 bits virtual
power management:

processor	: 9
vendor_id	: GenuineIntel
cpu family	: 6
model		: 46
model name	: Intel(R) Xeon(R) CPU           L7555  @ 1.87GHz
stepping	: 6
cpu MHz		: 1862.052
cache size	: 24576 KB
physical id	: 1
siblings	: 16
core id		: 2
cpu cores	: 8
apicid		: 36
initial apicid	: 36
fpu		: yes
fpu_exception	: yes
cpuid level	: 11
wp		: yes
flags		: fpu vme de pse tsc msr pae mce cx8 apic sep mtrr pge mca cmov pat pse36 clflush dts acpi mmx fxsr sse sse2 ss ht tm pbe syscall nx rdtscp lm constant_tsc arch_perfmon pebs bts rep_good xtopology nonstop_tsc aperfmperf pni dtes64 monitor ds_cpl vmx est tm2 ssse3 cx16 xtpr pdcm dca sse4_1 sse4_2 x2apic popcnt lahf_lm ida dts tpr_shadow vnmi flexpriority ept vpid
bogomips	: 3723.46
clflush size	: 64
cache_alignment	: 64
address sizes	: 44 bits physical, 48 bits virtual
power management:

processor	: 10
vendor_id	: GenuineIntel
cpu family	: 6
model		: 46
model name	: Intel(R) Xeon(R) CPU           L7555  @ 1.87GHz
stepping	: 6
cpu MHz		: 1862.052
cache size	: 24576 KB
physical id	: 2
siblings	: 16
core id		: 2
cpu cores	: 8
apicid		: 68
initial apicid	: 68
fpu		: yes
fpu_exception	: yes
cpuid level	: 11
wp		: yes
flags		: fpu vme de pse tsc msr pae mce cx8 apic sep mtrr pge mca cmov pat pse36 clflush dts acpi mmx fxsr sse sse2 ss ht tm pbe syscall nx rdtscp lm constant_tsc arch_perfmon pebs bts rep_good xtopology nonstop_tsc aperfmperf pni dtes64 monitor ds_cpl vmx est tm2 ssse3 cx16 xtpr pdcm dca sse4_1 sse4_2 x2apic popcnt lahf_lm ida dts tpr_shadow vnmi flexpriority ept vpid
bogomips	: 3723.47
clflush size	: 64
cache_alignment	: 64
address sizes	: 44 bits physical, 48 bits virtual
power management:

processor	: 11
vendor_id	: GenuineIntel
cpu family	: 6
model		: 46
model name	: Intel(R) Xeon(R) CPU           L7555  @ 1.87GHz
stepping	: 6
cpu MHz		: 1862.052
cache size	: 24576 KB
physical id	: 3
siblings	: 16
core id		: 2
cpu cores	: 8
apicid		: 100
initial apicid	: 100
fpu		: yes
fpu_exception	: yes
cpuid level	: 11
wp		: yes
flags		: fpu vme de pse tsc msr pae mce cx8 apic sep mtrr pge mca cmov pat pse36 clflush dts acpi mmx fxsr sse sse2 ss ht tm pbe syscall nx rdtscp lm constant_tsc arch_perfmon pebs bts rep_good xtopology nonstop_tsc aperfmperf pni dtes64 monitor ds_cpl vmx est tm2 ssse3 cx16 xtpr pdcm dca sse4_1 sse4_2 x2apic popcnt lahf_lm ida dts tpr_shadow vnmi flexpriority ept vpid
bogomips	: 3723.47
clflush size	: 64
cache_alignment	: 64
address sizes	: 44 bits physical, 48 bits virtual
power management:

processor	: 12
vendor_id	: GenuineIntel
cpu family	: 6
model		: 46
model name	: Intel(R) Xeon(R) CPU           L7555  @ 1.87GHz
stepping	: 6
cpu MHz		: 1862.052
cache size	: 24576 KB
physical id	: 0
siblings	: 16
core id		: 3
cpu cores	: 8
apicid		: 6
initial apicid	: 6
fpu		: yes
fpu_exception	: yes
cpuid level	: 11
wp		: yes
flags		: fpu vme de pse tsc msr pae mce cx8 apic sep mtrr pge mca cmov pat pse36 clflush dts acpi mmx fxsr sse sse2 ss ht tm pbe syscall nx rdtscp lm constant_tsc arch_perfmon pebs bts rep_good xtopology nonstop_tsc aperfmperf pni dtes64 monitor ds_cpl vmx est tm2 ssse3 cx16 xtpr pdcm dca sse4_1 sse4_2 x2apic popcnt lahf_lm ida dts tpr_shadow vnmi flexpriority ept vpid
bogomips	: 3724.10
clflush size	: 64
cache_alignment	: 64
address sizes	: 44 bits physical, 48 bits virtual
power management:

processor	: 13
vendor_id	: GenuineIntel
cpu family	: 6
model		: 46
model name	: Intel(R) Xeon(R) CPU           L7555  @ 1.87GHz
stepping	: 6
cpu MHz		: 1862.052
cache size	: 24576 KB
physical id	: 1
siblings	: 16
core id		: 3
cpu cores	: 8
apicid		: 38
initial apicid	: 38
fpu		: yes
fpu_exception	: yes
cpuid level	: 11
wp		: yes
flags		: fpu vme de pse tsc msr pae mce cx8 apic sep mtrr pge mca cmov pat pse36 clflush dts acpi mmx fxsr sse sse2 ss ht tm pbe syscall nx rdtscp lm constant_tsc arch_perfmon pebs bts rep_good xtopology nonstop_tsc aperfmperf pni dtes64 monitor ds_cpl vmx est tm2 ssse3 cx16 xtpr pdcm dca sse4_1 sse4_2 x2apic popcnt lahf_lm ida dts tpr_shadow vnmi flexpriority ept vpid
bogomips	: 3723.46
clflush size	: 64
cache_alignment	: 64
address sizes	: 44 bits physical, 48 bits virtual
power management:

processor	: 14
vendor_id	: GenuineIntel
cpu family	: 6
model		: 46
model name	: Intel(R) Xeon(R) CPU           L7555  @ 1.87GHz
stepping	: 6
cpu MHz		: 1862.052
cache size	: 24576 KB
physical id	: 2
siblings	: 16
core id		: 3
cpu cores	: 8
apicid		: 70
initial apicid	: 70
fpu		: yes
fpu_exception	: yes
cpuid level	: 11
wp		: yes
flags		: fpu vme de pse tsc msr pae mce cx8 apic sep mtrr pge mca cmov pat pse36 clflush dts acpi mmx fxsr sse sse2 ss ht tm pbe syscall nx rdtscp lm constant_tsc arch_perfmon pebs bts rep_good xtopology nonstop_tsc aperfmperf pni dtes64 monitor ds_cpl vmx est tm2 ssse3 cx16 xtpr pdcm dca sse4_1 sse4_2 x2apic popcnt lahf_lm ida dts tpr_shadow vnmi flexpriority ept vpid
bogomips	: 3723.47
clflush size	: 64
cache_alignment	: 64
address sizes	: 44 bits physical, 48 bits virtual
power management:

processor	: 15
vendor_id	: GenuineIntel
cpu family	: 6
model		: 46
model name	: Intel(R) Xeon(R) CPU           L7555  @ 1.87GHz
stepping	: 6
cpu MHz		: 1862.052
cache size	: 24576 KB
physical id	: 3
siblings	: 16
core id		: 3
cpu cores	: 8
apicid		: 102
initial apicid	: 102
fpu		: yes
fpu_exception	: yes
cpuid level	: 11
wp		: yes
flags		: fpu vme de pse tsc msr pae mce cx8 apic sep mtrr pge mca cmov pat pse36 clflush dts acpi mmx fxsr sse sse2 ss ht tm pbe syscall nx rdtscp lm constant_tsc arch_perfmon pebs bts rep_good xtopology nonstop_tsc aperfmperf pni dtes64 monitor ds_cpl vmx est tm2 ssse3 cx16 xtpr pdcm dca sse4_1 sse4_2 x2apic popcnt lahf_lm ida dts tpr_shadow vnmi flexpriority ept vpid
bogomips	: 3723.47
clflush size	: 64
cache_alignment	: 64
address sizes	: 44 bits physical, 48 bits virtual
power management:

processor	: 16
vendor_id	: GenuineIntel
cpu family	: 6
model		: 46
model name	: Intel(R) Xeon(R) CPU           L7555  @ 1.87GHz
stepping	: 6
cpu MHz		: 1862.052
cache size	: 24576 KB
physical id	: 0
siblings	: 16
core id		: 8
cpu cores	: 8
apicid		: 16
initial apicid	: 16
fpu		: yes
fpu_exception	: yes
cpuid level	: 11
wp		: yes
flags		: fpu vme de pse tsc msr pae mce cx8 apic sep mtrr pge mca cmov pat pse36 clflush dts acpi mmx fxsr sse sse2 ss ht tm pbe syscall nx rdtscp lm constant_tsc arch_perfmon pebs bts rep_good xtopology nonstop_tsc aperfmperf pni dtes64 monitor ds_cpl vmx est tm2 ssse3 cx16 xtpr pdcm dca sse4_1 sse4_2 x2apic popcnt lahf_lm ida dts tpr_shadow vnmi flexpriority ept vpid
bogomips	: 3724.10
clflush size	: 64
cache_alignment	: 64
address sizes	: 44 bits physical, 48 bits virtual
power management:

processor	: 17
vendor_id	: GenuineIntel
cpu family	: 6
model		: 46
model name	: Intel(R) Xeon(R) CPU           L7555  @ 1.87GHz
stepping	: 6
cpu MHz		: 1862.052
cache size	: 24576 KB
physical id	: 1
siblings	: 16
core id		: 8
cpu cores	: 8
apicid		: 48
initial apicid	: 48
fpu		: yes
fpu_exception	: yes
cpuid level	: 11
wp		: yes
flags		: fpu vme de pse tsc msr pae mce cx8 apic sep mtrr pge mca cmov pat pse36 clflush dts acpi mmx fxsr sse sse2 ss ht tm pbe syscall nx rdtscp lm constant_tsc arch_perfmon pebs bts rep_good xtopology nonstop_tsc aperfmperf pni dtes64 monitor ds_cpl vmx est tm2 ssse3 cx16 xtpr pdcm dca sse4_1 sse4_2 x2apic popcnt lahf_lm ida dts tpr_shadow vnmi flexpriority ept vpid
bogomips	: 3723.46
clflush size	: 64
cache_alignment	: 64
address sizes	: 44 bits physical, 48 bits virtual
power management:

processor	: 18
vendor_id	: GenuineIntel
cpu family	: 6
model		: 46
model name	: Intel(R) Xeon(R) CPU           L7555  @ 1.87GHz
stepping	: 6
cpu MHz		: 1862.052
cache size	: 24576 KB
physical id	: 2
siblings	: 16
core id		: 8
cpu cores	: 8
apicid		: 80
initial apicid	: 80
fpu		: yes
fpu_exception	: yes
cpuid level	: 11
wp		: yes
flags		: fpu vme de pse tsc msr pae mce cx8 apic sep mtrr pge mca cmov pat pse36 clflush dts acpi mmx fxsr sse sse2 ss ht tm pbe syscall nx rdtscp lm constant_tsc arch_perfmon pebs bts rep_good xtopology nonstop_tsc aperfmperf pni dtes64 monitor ds_cpl vmx est tm2 ssse3 cx16 xtpr pdcm dca sse4_1 sse4_2 x2apic popcnt lahf_lm ida dts tpr_shadow vnmi flexpriority ept vpid
bogomips	: 3723.47
clflush size	: 64
cache_alignment	: 64
address sizes	: 44 bits physical, 48 bits virtual
power management:

processor	: 19
vendor_id	: GenuineIntel
cpu family	: 6
model		: 46
model name	: Intel(R) Xeon(R) CPU           L7555  @ 1.87GHz
stepping	: 6
cpu MHz		: 1862.052
cache size	: 24576 KB
physical id	: 3
siblings	: 16
core id		: 8
cpu cores	: 8
apicid		: 112
initial apicid	: 112
fpu		: yes
fpu_exception	: yes
cpuid level	: 11
wp		: yes
flags		: fpu vme de pse tsc msr pae mce cx8 apic sep mtrr pge mca cmov pat pse36 clflush dts acpi mmx fxsr sse sse2 ss ht tm pbe syscall nx rdtscp lm constant_tsc arch_perfmon pebs bts rep_good xtopology nonstop_tsc aperfmperf pni dtes64 monitor ds_cpl vmx est tm2 ssse3 cx16 xtpr pdcm dca sse4_1 sse4_2 x2apic popcnt lahf_lm ida dts tpr_shadow vnmi flexpriority ept vpid
bogomips	: 3723.47
clflush size	: 64
cache_alignment	: 64
address sizes	: 44 bits physical, 48 bits virtual
power management:

processor	: 20
vendor_id	: GenuineIntel
cpu family	: 6
model		: 46
model name	: Intel(R) Xeon(R) CPU           L7555  @ 1.87GHz
stepping	: 6
cpu MHz		: 1862.052
cache size	: 24576 KB
physical id	: 0
siblings	: 16
core id		: 9
cpu cores	: 8
apicid		: 18
initial apicid	: 18
fpu		: yes
fpu_exception	: yes
cpuid level	: 11
wp		: yes
flags		: fpu vme de pse tsc msr pae mce cx8 apic sep mtrr pge mca cmov pat pse36 clflush dts acpi mmx fxsr sse sse2 ss ht tm pbe syscall nx rdtscp lm constant_tsc arch_perfmon pebs bts rep_good xtopology nonstop_tsc aperfmperf pni dtes64 monitor ds_cpl vmx est tm2 ssse3 cx16 xtpr pdcm dca sse4_1 sse4_2 x2apic popcnt lahf_lm ida dts tpr_shadow vnmi flexpriority ept vpid
bogomips	: 3724.10
clflush size	: 64
cache_alignment	: 64
address sizes	: 44 bits physical, 48 bits virtual
power management:

processor	: 21
vendor_id	: GenuineIntel
cpu family	: 6
model		: 46
model name	: Intel(R) Xeon(R) CPU           L7555  @ 1.87GHz
stepping	: 6
cpu MHz		: 1862.052
cache size	: 24576 KB
physical id	: 1
siblings	: 16
core id		: 9
cpu cores	: 8
apicid		: 50
initial apicid	: 50
fpu		: yes
fpu_exception	: yes
cpuid level	: 11
wp		: yes
flags		: fpu vme de pse tsc msr pae mce cx8 apic sep mtrr pge mca cmov pat pse36 clflush dts acpi mmx fxsr sse sse2 ss ht tm pbe syscall nx rdtscp lm constant_tsc arch_perfmon pebs bts rep_good xtopology nonstop_tsc aperfmperf pni dtes64 monitor ds_cpl vmx est tm2 ssse3 cx16 xtpr pdcm dca sse4_1 sse4_2 x2apic popcnt lahf_lm ida dts tpr_shadow vnmi flexpriority ept vpid
bogomips	: 3723.46
clflush size	: 64
cache_alignment	: 64
address sizes	: 44 bits physical, 48 bits virtual
power management:

processor	: 22
vendor_id	: GenuineIntel
cpu family	: 6
model		: 46
model name	: Intel(R) Xeon(R) CPU           L7555  @ 1.87GHz
stepping	: 6
cpu MHz		: 1862.052
cache size	: 24576 KB
physical id	: 2
siblings	: 16
core id		: 9
cpu cores	: 8
apicid		: 82
initial apicid	: 82
fpu		: yes
fpu_exception	: yes
cpuid level	: 11
wp		: yes
flags		: fpu vme de pse tsc msr pae mce cx8 apic sep mtrr pge mca cmov pat pse36 clflush dts acpi mmx fxsr sse sse2 ss ht tm pbe syscall nx rdtscp lm constant_tsc arch_perfmon pebs bts rep_good xtopology nonstop_tsc aperfmperf pni dtes64 monitor ds_cpl vmx est tm2 ssse3 cx16 xtpr pdcm dca sse4_1 sse4_2 x2apic popcnt lahf_lm ida dts tpr_shadow vnmi flexpriority ept vpid
bogomips	: 3723.47
clflush size	: 64
cache_alignment	: 64
address sizes	: 44 bits physical, 48 bits virtual
power management:

processor	: 23
vendor_id	: GenuineIntel
cpu family	: 6
model		: 46
model name	: Intel(R) Xeon(R) CPU           L7555  @ 1.87GHz
stepping	: 6
cpu MHz		: 1862.052
cache size	: 24576 KB
physical id	: 3
siblings	: 16
core id		: 9
cpu cores	: 8
apicid		: 114
initial apicid	: 114
fpu		: yes
fpu_exception	: yes
cpuid level	: 11
wp		: yes
flags		: fpu vme de pse tsc msr pae mce cx8 apic sep mtrr pge mca cmov pat pse36 clflush dts acpi mmx fxsr sse sse2 ss ht tm pbe syscall nx rdtscp lm constant_tsc arch_perfmon pebs bts rep_good xtopology nonstop_tsc aperfmperf pni dtes64 monitor ds_cpl vmx est tm2 ssse3 cx16 xtpr pdcm dca sse4_1 sse4_2 x2apic popcnt lahf_lm ida dts tpr_shadow vnmi flexpriority ept vpid
bogomips	: 3723.47
clflush size	: 64
cache_alignment	: 64
address sizes	: 44 bits physical, 48 bits virtual
power management:

processor	: 24
vendor_id	: GenuineIntel
cpu family	: 6
model		: 46
model name	: Intel(R) Xeon(R) CPU           L7555  @ 1.87GHz
stepping	: 6
cpu MHz		: 1862.052
cache size	: 24576 KB
physical id	: 0
siblings	: 16
core id		: 10
cpu cores	: 8
apicid		: 20
initial apicid	: 20
fpu		: yes
fpu_exception	: yes
cpuid level	: 11
wp		: yes
flags		: fpu vme de pse tsc msr pae mce cx8 apic sep mtrr pge mca cmov pat pse36 clflush dts acpi mmx fxsr sse sse2 ss ht tm pbe syscall nx rdtscp lm constant_tsc arch_perfmon pebs bts rep_good xtopology nonstop_tsc aperfmperf pni dtes64 monitor ds_cpl vmx est tm2 ssse3 cx16 xtpr pdcm dca sse4_1 sse4_2 x2apic popcnt lahf_lm ida dts tpr_shadow vnmi flexpriority ept vpid
bogomips	: 3724.10
clflush size	: 64
cache_alignment	: 64
address sizes	: 44 bits physical, 48 bits virtual
power management:

processor	: 25
vendor_id	: GenuineIntel
cpu family	: 6
model		: 46
model name	: Intel(R) Xeon(R) CPU           L7555  @ 1.87GHz
stepping	: 6
cpu MHz		: 1862.052
cache size	: 24576 KB
physical id	: 1
siblings	: 16
core id		: 10
cpu cores	: 8
apicid		: 52
initial apicid	: 52
fpu		: yes
fpu_exception	: yes
cpuid level	: 11
wp		: yes
flags		: fpu vme de pse tsc msr pae mce cx8 apic sep mtrr pge mca cmov pat pse36 clflush dts acpi mmx fxsr sse sse2 ss ht tm pbe syscall nx rdtscp lm constant_tsc arch_perfmon pebs bts rep_good xtopology nonstop_tsc aperfmperf pni dtes64 monitor ds_cpl vmx est tm2 ssse3 cx16 xtpr pdcm dca sse4_1 sse4_2 x2apic popcnt lahf_lm ida dts tpr_shadow vnmi flexpriority ept vpid
bogomips	: 3723.46
clflush size	: 64
cache_alignment	: 64
address sizes	: 44 bits physical, 48 bits virtual
power management:

processor	: 26
vendor_id	: GenuineIntel
cpu family	: 6
model		: 46
model name	: Intel(R) Xeon(R) CPU           L7555  @ 1.87GHz
stepping	: 6
cpu MHz		: 1862.052
cache size	: 24576 KB
physical id	: 2
siblings	: 16
core id		: 10
cpu cores	: 8
apicid		: 84
initial apicid	: 84
fpu		: yes
fpu_exception	: yes
cpuid level	: 11
wp		: yes
flags		: fpu vme de pse tsc msr pae mce cx8 apic sep mtrr pge mca cmov pat pse36 clflush dts acpi mmx fxsr sse sse2 ss ht tm pbe syscall nx rdtscp lm constant_tsc arch_perfmon pebs bts rep_good xtopology nonstop_tsc aperfmperf pni dtes64 monitor ds_cpl vmx est tm2 ssse3 cx16 xtpr pdcm dca sse4_1 sse4_2 x2apic popcnt lahf_lm ida dts tpr_shadow vnmi flexpriority ept vpid
bogomips	: 3723.47
clflush size	: 64
cache_alignment	: 64
address sizes	: 44 bits physical, 48 bits virtual
power management:

processor	: 27
vendor_id	: GenuineIntel
cpu family	: 6
model		: 46
model name	: Intel(R) Xeon(R) CPU           L7555  @ 1.87GHz
stepping	: 6
cpu MHz		: 1862.052
cache size	: 24576 KB
physical id	: 3
siblings	: 16
core id		: 10
cpu cores	: 8
apicid		: 116
initial apicid	: 116
fpu		: yes
fpu_exception	: yes
cpuid level	: 11
wp		: yes
flags		: fpu vme de pse tsc msr pae mce cx8 apic sep mtrr pge mca cmov pat pse36 clflush dts acpi mmx fxsr sse sse2 ss ht tm pbe syscall nx rdtscp lm constant_tsc arch_perfmon pebs bts rep_good xtopology nonstop_tsc aperfmperf pni dtes64 monitor ds_cpl vmx est tm2 ssse3 cx16 xtpr pdcm dca sse4_1 sse4_2 x2apic popcnt lahf_lm ida dts tpr_shadow vnmi flexpriority ept vpid
bogomips	: 3723.47
clflush size	: 64
cache_alignment	: 64
address sizes	: 44 bits physical, 48 bits virtual
power management:

processor	: 28
vendor_id	: GenuineIntel
cpu family	: 6
model		: 46
model name	: Intel(R) Xeon(R) CPU           L7555  @ 1.87GHz
stepping	: 6
cpu MHz		: 1862.052
cache size	: 24576 KB
physical id	: 0
siblings	: 16
core id		: 11
cpu cores	: 8
apicid		: 22
initial apicid	: 22
fpu		: yes
fpu_exception	: yes
cpuid level	: 11
wp		: yes
flags		: fpu vme de pse tsc msr pae mce cx8 apic sep mtrr pge mca cmov pat pse36 clflush dts acpi mmx fxsr sse sse2 ss ht tm pbe syscall nx rdtscp lm constant_tsc arch_perfmon pebs bts rep_good xtopology nonstop_tsc aperfmperf pni dtes64 monitor ds_cpl vmx est tm2 ssse3 cx16 xtpr pdcm dca sse4_1 sse4_2 x2apic popcnt lahf_lm ida dts tpr_shadow vnmi flexpriority ept vpid
bogomips	: 3724.10
clflush size	: 64
cache_alignment	: 64
address sizes	: 44 bits physical, 48 bits virtual
power management:

processor	: 29
vendor_id	: GenuineIntel
cpu family	: 6
model		: 46
model name	: Intel(R) Xeon(R) CPU           L7555  @ 1.87GHz
stepping	: 6
cpu MHz		: 1862.052
cache size	: 24576 KB
physical id	: 1
siblings	: 16
core id		: 11
cpu cores	: 8
apicid		: 54
initial apicid	: 54
fpu		: yes
fpu_exception	: yes
cpuid level	: 11
wp		: yes
flags		: fpu vme de pse tsc msr pae mce cx8 apic sep mtrr pge mca cmov pat pse36 clflush dts acpi mmx fxsr sse sse2 ss ht tm pbe syscall nx rdtscp lm constant_tsc arch_perfmon pebs bts rep_good xtopology nonstop_tsc aperfmperf pni dtes64 monitor ds_cpl vmx est tm2 ssse3 cx16 xtpr pdcm dca sse4_1 sse4_2 x2apic popcnt lahf_lm ida dts tpr_shadow vnmi flexpriority ept vpid
bogomips	: 3723.46
clflush size	: 64
cache_alignment	: 64
address sizes	: 44 bits physical, 48 bits virtual
power management:

processor	: 30
vendor_id	: GenuineIntel
cpu family	: 6
model		: 46
model name	: Intel(R) Xeon(R) CPU           L7555  @ 1.87GHz
stepping	: 6
cpu MHz		: 1862.052
cache size	: 24576 KB
physical id	: 2
siblings	: 16
core id		: 11
cpu cores	: 8
apicid		: 86
initial apicid	: 86
fpu		: yes
fpu_exception	: yes
cpuid level	: 11
wp		: yes
flags		: fpu vme de pse tsc msr pae mce cx8 apic sep mtrr pge mca cmov pat pse36 clflush dts acpi mmx fxsr sse sse2 ss ht tm pbe syscall nx rdtscp lm constant_tsc arch_perfmon pebs bts rep_good xtopology nonstop_tsc aperfmperf pni dtes64 monitor ds_cpl vmx est tm2 ssse3 cx16 xtpr pdcm dca sse4_1 sse4_2 x2apic popcnt lahf_lm ida dts tpr_shadow vnmi flexpriority ept vpid
bogomips	: 3723.47
clflush size	: 64
cache_alignment	: 64
address sizes	: 44 bits physical, 48 bits virtual
power management:

processor	: 31
vendor_id	: GenuineIntel
cpu family	: 6
model		: 46
model name	: Intel(R) Xeon(R) CPU           L7555  @ 1.87GHz
stepping	: 6
cpu MHz		: 1862.052
cache size	: 24576 KB
physical id	: 3
siblings	: 16
core id		: 11
cpu cores	: 8
apicid		: 118
initial apicid	: 118
fpu		: yes
fpu_exception	: yes
cpuid level	: 11
wp		: yes
flags		: fpu vme de pse tsc msr pae mce cx8 apic sep mtrr pge mca cmov pat pse36 clflush dts acpi mmx fxsr sse sse2 ss ht tm pbe syscall nx rdtscp lm constant_tsc arch_perfmon pebs bts rep_good xtopology nonstop_tsc aperfmperf pni dtes64 monitor ds_cpl vmx est tm2 ssse3 cx16 xtpr pdcm dca sse4_1 sse4_2 x2apic popcnt lahf_lm ida dts tpr_shadow vnmi flexpriority ept vpid
bogomips	: 3723.47
clflush size	: 64
cache_alignment	: 64
address sizes	: 44 bits physical, 48 bits virtual
power management:

processor	: 32
vendor_id	: GenuineIntel
cpu family	: 6
model		: 46
model name	: Intel(R) Xeon(R) CPU           L7555  @ 1.87GHz
stepping	: 6
cpu MHz		: 1862.052
cache size	: 24576 KB
physical id	: 0
siblings	: 16
core id		: 0
cpu cores	: 8
apicid		: 1
initial apicid	: 1
fpu		: yes
fpu_exception	: yes
cpuid level	: 11
wp		: yes
flags		: fpu vme de pse tsc msr pae mce cx8 apic sep mtrr pge mca cmov pat pse36 clflush dts acpi mmx fxsr sse sse2 ss ht tm pbe syscall nx rdtscp lm constant_tsc arch_perfmon pebs bts rep_good xtopology nonstop_tsc aperfmperf pni dtes64 monitor ds_cpl vmx est tm2 ssse3 cx16 xtpr pdcm dca sse4_1 sse4_2 x2apic popcnt lahf_lm ida dts tpr_shadow vnmi flexpriority ept vpid
bogomips	: 3724.10
clflush size	: 64
cache_alignment	: 64
address sizes	: 44 bits physical, 48 bits virtual
power management:

processor	: 33
vendor_id	: GenuineIntel
cpu family	: 6
model		: 46
model name	: Intel(R) Xeon(R) CPU           L7555  @ 1.87GHz
stepping	: 6
cpu MHz		: 1862.052
cache size	: 24576 KB
physical id	: 1
siblings	: 16
core id		: 0
cpu cores	: 8
apicid		: 33
initial apicid	: 33
fpu		: yes
fpu_exception	: yes
cpuid level	: 11
wp		: yes
flags		: fpu vme de pse tsc msr pae mce cx8 apic sep mtrr pge mca cmov pat pse36 clflush dts acpi mmx fxsr sse sse2 ss ht tm pbe syscall nx rdtscp lm constant_tsc arch_perfmon pebs bts rep_good xtopology nonstop_tsc aperfmperf pni dtes64 monitor ds_cpl vmx est tm2 ssse3 cx16 xtpr pdcm dca sse4_1 sse4_2 x2apic popcnt lahf_lm ida dts tpr_shadow vnmi flexpriority ept vpid
bogomips	: 3723.46
clflush size	: 64
cache_alignment	: 64
address sizes	: 44 bits physical, 48 bits virtual
power management:

processor	: 34
vendor_id	: GenuineIntel
cpu family	: 6
model		: 46
model name	: Intel(R) Xeon(R) CPU           L7555  @ 1.87GHz
stepping	: 6
cpu MHz		: 1862.052
cache size	: 24576 KB
physical id	: 2
siblings	: 16
core id		: 0
cpu cores	: 8
apicid		: 65
initial apicid	: 65
fpu		: yes
fpu_exception	: yes
cpuid level	: 11
wp		: yes
flags		: fpu vme de pse tsc msr pae mce cx8 apic sep mtrr pge mca cmov pat pse36 clflush dts acpi mmx fxsr sse sse2 ss ht tm pbe syscall nx rdtscp lm constant_tsc arch_perfmon pebs bts rep_good xtopology nonstop_tsc aperfmperf pni dtes64 monitor ds_cpl vmx est tm2 ssse3 cx16 xtpr pdcm dca sse4_1 sse4_2 x2apic popcnt lahf_lm ida dts tpr_shadow vnmi flexpriority ept vpid
bogomips	: 3723.47
clflush size	: 64
cache_alignment	: 64
address sizes	: 44 bits physical, 48 bits virtual
power management:

processor	: 35
vendor_id	: GenuineIntel
cpu family	: 6
model		: 46
model name	: Intel(R) Xeon(R) CPU           L7555  @ 1.87GHz
stepping	: 6
cpu MHz		: 1862.052
cache size	: 24576 KB
physical id	: 3
siblings	: 16
core id		: 0
cpu cores	: 8
apicid		: 97
initial apicid	: 97
fpu		: yes
fpu_exception	: yes
cpuid level	: 11
wp		: yes
flags		: fpu vme de pse tsc msr pae mce cx8 apic sep mtrr pge mca cmov pat pse36 clflush dts acpi mmx fxsr sse sse2 ss ht tm pbe syscall nx rdtscp lm constant_tsc arch_perfmon pebs bts rep_good xtopology nonstop_tsc aperfmperf pni dtes64 monitor ds_cpl vmx est tm2 ssse3 cx16 xtpr pdcm dca sse4_1 sse4_2 x2apic popcnt lahf_lm ida dts tpr_shadow vnmi flexpriority ept vpid
bogomips	: 3723.47
clflush size	: 64
cache_alignment	: 64
address sizes	: 44 bits physical, 48 bits virtual
power management:

processor	: 36
vendor_id	: GenuineIntel
cpu family	: 6
model		: 46
model name	: Intel(R) Xeon(R) CPU           L7555  @ 1.87GHz
stepping	: 6
cpu MHz		: 1862.052
cache size	: 24576 KB
physical id	: 0
siblings	: 16
core id		: 1
cpu cores	: 8
apicid		: 3
initial apicid	: 3
fpu		: yes
fpu_exception	: yes
cpuid level	: 11
wp		: yes
flags		: fpu vme de pse tsc msr pae mce cx8 apic sep mtrr pge mca cmov pat pse36 clflush dts acpi mmx fxsr sse sse2 ss ht tm pbe syscall nx rdtscp lm constant_tsc arch_perfmon pebs bts rep_good xtopology nonstop_tsc aperfmperf pni dtes64 monitor ds_cpl vmx est tm2 ssse3 cx16 xtpr pdcm dca sse4_1 sse4_2 x2apic popcnt lahf_lm ida dts tpr_shadow vnmi flexpriority ept vpid
bogomips	: 3724.10
clflush size	: 64
cache_alignment	: 64
address sizes	: 44 bits physical, 48 bits virtual
power management:

processor	: 37
vendor_id	: GenuineIntel
cpu family	: 6
model		: 46
model name	: Intel(R) Xeon(R) CPU           L7555  @ 1.87GHz
stepping	: 6
cpu MHz		: 1862.052
cache size	: 24576 KB
physical id	: 1
siblings	: 16
core id		: 1
cpu cores	: 8
apicid		: 35
initial apicid	: 35
fpu		: yes
fpu_exception	: yes
cpuid level	: 11
wp		: yes
flags		: fpu vme de pse tsc msr pae mce cx8 apic sep mtrr pge mca cmov pat pse36 clflush dts acpi mmx fxsr sse sse2 ss ht tm pbe syscall nx rdtscp lm constant_tsc arch_perfmon pebs bts rep_good xtopology nonstop_tsc aperfmperf pni dtes64 monitor ds_cpl vmx est tm2 ssse3 cx16 xtpr pdcm dca sse4_1 sse4_2 x2apic popcnt lahf_lm ida dts tpr_shadow vnmi flexpriority ept vpid
bogomips	: 3723.46
clflush size	: 64
cache_alignment	: 64
address sizes	: 44 bits physical, 48 bits virtual
power management:

processor	: 38
vendor_id	: GenuineIntel
cpu family	: 6
model		: 46
model name	: Intel(R) Xeon(R) CPU           L7555  @ 1.87GHz
stepping	: 6
cpu MHz		: 1862.052
cache size	: 24576 KB
physical id	: 2
siblings	: 16
core id		: 1
cpu cores	: 8
apicid		: 67
initial apicid	: 67
fpu		: yes
fpu_exception	: yes
cpuid level	: 11
wp		: yes
flags		: fpu vme de pse tsc msr pae mce cx8 apic sep mtrr pge mca cmov pat pse36 clflush dts acpi mmx fxsr sse sse2 ss ht tm pbe syscall nx rdtscp lm constant_tsc arch_perfmon pebs bts rep_good xtopology nonstop_tsc aperfmperf pni dtes64 monitor ds_cpl vmx est tm2 ssse3 cx16 xtpr pdcm dca sse4_1 sse4_2 x2apic popcnt lahf_lm ida dts tpr_shadow vnmi flexpriority ept vpid
bogomips	: 3723.47
clflush size	: 64
cache_alignment	: 64
address sizes	: 44 bits physical, 48 bits virtual
power management:

processor	: 39
vendor_id	: GenuineIntel
cpu family	: 6
model		: 46
model name	: Intel(R) Xeon(R) CPU           L7555  @ 1.87GHz
stepping	: 6
cpu MHz		: 1862.052
cache size	: 24576 KB
physical id	: 3
siblings	: 16
core id		: 1
cpu cores	: 8
apicid		: 99
initial apicid	: 99
fpu		: yes
fpu_exception	: yes
cpuid level	: 11
wp		: yes
flags		: fpu vme de pse tsc msr pae mce cx8 apic sep mtrr pge mca cmov pat pse36 clflush dts acpi mmx fxsr sse sse2 ss ht tm pbe syscall nx rdtscp lm constant_tsc arch_perfmon pebs bts rep_good xtopology nonstop_tsc aperfmperf pni dtes64 monitor ds_cpl vmx est tm2 ssse3 cx16 xtpr pdcm dca sse4_1 sse4_2 x2apic popcnt lahf_lm ida dts tpr_shadow vnmi flexpriority ept vpid
bogomips	: 3723.47
clflush size	: 64
cache_alignment	: 64
address sizes	: 44 bits physical, 48 bits virtual
power management:

processor	: 40
vendor_id	: GenuineIntel
cpu family	: 6
model		: 46
model name	: Intel(R) Xeon(R) CPU           L7555  @ 1.87GHz
stepping	: 6
cpu MHz		: 1862.052
cache size	: 24576 KB
physical id	: 0
siblings	: 16
core id		: 2
cpu cores	: 8
apicid		: 5
initial apicid	: 5
fpu		: yes
fpu_exception	: yes
cpuid level	: 11
wp		: yes
flags		: fpu vme de pse tsc msr pae mce cx8 apic sep mtrr pge mca cmov pat pse36 clflush dts acpi mmx fxsr sse sse2 ss ht tm pbe syscall nx rdtscp lm constant_tsc arch_perfmon pebs bts rep_good xtopology nonstop_tsc aperfmperf pni dtes64 monitor ds_cpl vmx est tm2 ssse3 cx16 xtpr pdcm dca sse4_1 sse4_2 x2apic popcnt lahf_lm ida dts tpr_shadow vnmi flexpriority ept vpid
bogomips	: 3724.10
clflush size	: 64
cache_alignment	: 64
address sizes	: 44 bits physical, 48 bits virtual
power management:

processor	: 41
vendor_id	: GenuineIntel
cpu family	: 6
model		: 46
model name	: Intel(R) Xeon(R) CPU           L7555  @ 1.87GHz
stepping	: 6
cpu MHz		: 1862.052
cache size	: 24576 KB
physical id	: 1
siblings	: 16
core id		: 2
cpu cores	: 8
apicid		: 37
initial apicid	: 37
fpu		: yes
fpu_exception	: yes
cpuid level	: 11
wp		: yes
flags		: fpu vme de pse tsc msr pae mce cx8 apic sep mtrr pge mca cmov pat pse36 clflush dts acpi mmx fxsr sse sse2 ss ht tm pbe syscall nx rdtscp lm constant_tsc arch_perfmon pebs bts rep_good xtopology nonstop_tsc aperfmperf pni dtes64 monitor ds_cpl vmx est tm2 ssse3 cx16 xtpr pdcm dca sse4_1 sse4_2 x2apic popcnt lahf_lm ida dts tpr_shadow vnmi flexpriority ept vpid
bogomips	: 3723.46
clflush size	: 64
cache_alignment	: 64
address sizes	: 44 bits physical, 48 bits virtual
power management:

processor	: 42
vendor_id	: GenuineIntel
cpu family	: 6
model		: 46
model name	: Intel(R) Xeon(R) CPU           L7555  @ 1.87GHz
stepping	: 6
cpu MHz		: 1862.052
cache size	: 24576 KB
physical id	: 2
siblings	: 16
core id		: 2
cpu cores	: 8
apicid		: 69
initial apicid	: 69
fpu		: yes
fpu_exception	: yes
cpuid level	: 11
wp		: yes
flags		: fpu vme de pse tsc msr pae mce cx8 apic sep mtrr pge mca cmov pat pse36 clflush dts acpi mmx fxsr sse sse2 ss ht tm pbe syscall nx rdtscp lm constant_tsc arch_perfmon pebs bts rep_good xtopology nonstop_tsc aperfmperf pni dtes64 monitor ds_cpl vmx est tm2 ssse3 cx16 xtpr pdcm dca sse4_1 sse4_2 x2apic popcnt lahf_lm ida dts tpr_shadow vnmi flexpriority ept vpid
bogomips	: 3723.47
clflush size	: 64
cache_alignment	: 64
address sizes	: 44 bits physical, 48 bits virtual
power management:

processor	: 43
vendor_id	: GenuineIntel
cpu family	: 6
model		: 46
model name	: Intel(R) Xeon(R) CPU           L7555  @ 1.87GHz
stepping	: 6
cpu MHz		: 1862.052
cache size	: 24576 KB
physical id	: 3
siblings	: 16
core id		: 2
cpu cores	: 8
apicid		: 101
initial apicid	: 101
fpu		: yes
fpu_exception	: yes
cpuid level	: 11
wp		: yes
flags		: fpu vme de pse tsc msr pae mce cx8 apic sep mtrr pge mca cmov pat pse36 clflush dts acpi mmx fxsr sse sse2 ss ht tm pbe syscall nx rdtscp lm constant_tsc arch_perfmon pebs bts rep_good xtopology nonstop_tsc aperfmperf pni dtes64 monitor ds_cpl vmx est tm2 ssse3 cx16 xtpr pdcm dca sse4_1 sse4_2 x2apic popcnt lahf_lm ida dts tpr_shadow vnmi flexpriority ept vpid
bogomips	: 3723.47
clflush size	: 64
cache_alignment	: 64
address sizes	: 44 bits physical, 48 bits virtual
power management:

processor	: 44
vendor_id	: GenuineIntel
cpu family	: 6
model		: 46
model name	: Intel(R) Xeon(R) CPU           L7555  @ 1.87GHz
stepping	: 6
cpu MHz		: 1862.052
cache size	: 24576 KB
physical id	: 0
siblings	: 16
core id		: 3
cpu cores	: 8
apicid		: 7
initial apicid	: 7
fpu		: yes
fpu_exception	: yes
cpuid level	: 11
wp		: yes
flags		: fpu vme de pse tsc msr pae mce cx8 apic sep mtrr pge mca cmov pat pse36 clflush dts acpi mmx fxsr sse sse2 ss ht tm pbe syscall nx rdtscp lm constant_tsc arch_perfmon pebs bts rep_good xtopology nonstop_tsc aperfmperf pni dtes64 monitor ds_cpl vmx est tm2 ssse3 cx16 xtpr pdcm dca sse4_1 sse4_2 x2apic popcnt lahf_lm ida dts tpr_shadow vnmi flexpriority ept vpid
bogomips	: 3724.10
clflush size	: 64
cache_alignment	: 64
address sizes	: 44 bits physical, 48 bits virtual
power management:

processor	: 45
vendor_id	: GenuineIntel
cpu family	: 6
model		: 46
model name	: Intel(R) Xeon(R) CPU           L7555  @ 1.87GHz
stepping	: 6
cpu MHz		: 1862.052
cache size	: 24576 KB
physical id	: 1
siblings	: 16
core id		: 3
cpu cores	: 8
apicid		: 39
initial apicid	: 39
fpu		: yes
fpu_exception	: yes
cpuid level	: 11
wp		: yes
flags		: fpu vme de pse tsc msr pae mce cx8 apic sep mtrr pge mca cmov pat pse36 clflush dts acpi mmx fxsr sse sse2 ss ht tm pbe syscall nx rdtscp lm constant_tsc arch_perfmon pebs bts rep_good xtopology nonstop_tsc aperfmperf pni dtes64 monitor ds_cpl vmx est tm2 ssse3 cx16 xtpr pdcm dca sse4_1 sse4_2 x2apic popcnt lahf_lm ida dts tpr_shadow vnmi flexpriority ept vpid
bogomips	: 3723.46
clflush size	: 64
cache_alignment	: 64
address sizes	: 44 bits physical, 48 bits virtual
power management:

processor	: 46
vendor_id	: GenuineIntel
cpu family	: 6
model		: 46
model name	: Intel(R) Xeon(R) CPU           L7555  @ 1.87GHz
stepping	: 6
cpu MHz		: 1862.052
cache size	: 24576 KB
physical id	: 2
siblings	: 16
core id		: 3
cpu cores	: 8
apicid		: 71
initial apicid	: 71
fpu		: yes
fpu_exception	: yes
cpuid level	: 11
wp		: yes
flags		: fpu vme de pse tsc msr pae mce cx8 apic sep mtrr pge mca cmov pat pse36 clflush dts acpi mmx fxsr sse sse2 ss ht tm pbe syscall nx rdtscp lm constant_tsc arch_perfmon pebs bts rep_good xtopology nonstop_tsc aperfmperf pni dtes64 monitor ds_cpl vmx est tm2 ssse3 cx16 xtpr pdcm dca sse4_1 sse4_2 x2apic popcnt lahf_lm ida dts tpr_shadow vnmi flexpriority ept vpid
bogomips	: 3723.47
clflush size	: 64
cache_alignment	: 64
address sizes	: 44 bits physical, 48 bits virtual
power management:

processor	: 47
vendor_id	: GenuineIntel
cpu family	: 6
model		: 46
model name	: Intel(R) Xeon(R) CPU           L7555  @ 1.87GHz
stepping	: 6
cpu MHz		: 1862.052
cache size	: 24576 KB
physical id	: 3
siblings	: 16
core id		: 3
cpu cores	: 8
apicid		: 103
initial apicid	: 103
fpu		: yes
fpu_exception	: yes
cpuid level	: 11
wp		: yes
flags		: fpu vme de pse tsc msr pae mce cx8 apic sep mtrr pge mca cmov pat pse36 clflush dts acpi mmx fxsr sse sse2 ss ht tm pbe syscall nx rdtscp lm constant_tsc arch_perfmon pebs bts rep_good xtopology nonstop_tsc aperfmperf pni dtes64 monitor ds_cpl vmx est tm2 ssse3 cx16 xtpr pdcm dca sse4_1 sse4_2 x2apic popcnt lahf_lm ida dts tpr_shadow vnmi flexpriority ept vpid
bogomips	: 3723.47
clflush size	: 64
cache_alignment	: 64
address sizes	: 44 bits physical, 48 bits virtual
power management:

processor	: 48
vendor_id	: GenuineIntel
cpu family	: 6
model		: 46
model name	: Intel(R) Xeon(R) CPU           L7555  @ 1.87GHz
stepping	: 6
cpu MHz		: 1862.052
cache size	: 24576 KB
physical id	: 0
siblings	: 16
core id		: 8
cpu cores	: 8
apicid		: 17
initial apicid	: 17
fpu		: yes
fpu_exception	: yes
cpuid level	: 11
wp		: yes
flags		: fpu vme de pse tsc msr pae mce cx8 apic sep mtrr pge mca cmov pat pse36 clflush dts acpi mmx fxsr sse sse2 ss ht tm pbe syscall nx rdtscp lm constant_tsc arch_perfmon pebs bts rep_good xtopology nonstop_tsc aperfmperf pni dtes64 monitor ds_cpl vmx est tm2 ssse3 cx16 xtpr pdcm dca sse4_1 sse4_2 x2apic popcnt lahf_lm ida dts tpr_shadow vnmi flexpriority ept vpid
bogomips	: 3724.10
clflush size	: 64
cache_alignment	: 64
address sizes	: 44 bits physical, 48 bits virtual
power management:

processor	: 49
vendor_id	: GenuineIntel
cpu family	: 6
model		: 46
model name	: Intel(R) Xeon(R) CPU           L7555  @ 1.87GHz
stepping	: 6
cpu MHz		: 1862.052
cache size	: 24576 KB
physical id	: 1
siblings	: 16
core id		: 8
cpu cores	: 8
apicid		: 49
initial apicid	: 49
fpu		: yes
fpu_exception	: yes
cpuid level	: 11
wp		: yes
flags		: fpu vme de pse tsc msr pae mce cx8 apic sep mtrr pge mca cmov pat pse36 clflush dts acpi mmx fxsr sse sse2 ss ht tm pbe syscall nx rdtscp lm constant_tsc arch_perfmon pebs bts rep_good xtopology nonstop_tsc aperfmperf pni dtes64 monitor ds_cpl vmx est tm2 ssse3 cx16 xtpr pdcm dca sse4_1 sse4_2 x2apic popcnt lahf_lm ida dts tpr_shadow vnmi flexpriority ept vpid
bogomips	: 3723.46
clflush size	: 64
cache_alignment	: 64
address sizes	: 44 bits physical, 48 bits virtual
power management:

processor	: 50
vendor_id	: GenuineIntel
cpu family	: 6
model		: 46
model name	: Intel(R) Xeon(R) CPU           L7555  @ 1.87GHz
stepping	: 6
cpu MHz		: 1862.052
cache size	: 24576 KB
physical id	: 2
siblings	: 16
core id		: 8
cpu cores	: 8
apicid		: 81
initial apicid	: 81
fpu		: yes
fpu_exception	: yes
cpuid level	: 11
wp		: yes
flags		: fpu vme de pse tsc msr pae mce cx8 apic sep mtrr pge mca cmov pat pse36 clflush dts acpi mmx fxsr sse sse2 ss ht tm pbe syscall nx rdtscp lm constant_tsc arch_perfmon pebs bts rep_good xtopology nonstop_tsc aperfmperf pni dtes64 monitor ds_cpl vmx est tm2 ssse3 cx16 xtpr pdcm dca sse4_1 sse4_2 x2apic popcnt lahf_lm ida dts tpr_shadow vnmi flexpriority ept vpid
bogomips	: 3723.47
clflush size	: 64
cache_alignment	: 64
address sizes	: 44 bits physical, 48 bits virtual
power management:

processor	: 51
vendor_id	: GenuineIntel
cpu family	: 6
model		: 46
model name	: Intel(R) Xeon(R) CPU           L7555  @ 1.87GHz
stepping	: 6
cpu MHz		: 1862.052
cache size	: 24576 KB
physical id	: 3
siblings	: 16
core id		: 8
cpu cores	: 8
apicid		: 113
initial apicid	: 113
fpu		: yes
fpu_exception	: yes
cpuid level	: 11
wp		: yes
flags		: fpu vme de pse tsc msr pae mce cx8 apic sep mtrr pge mca cmov pat pse36 clflush dts acpi mmx fxsr sse sse2 ss ht tm pbe syscall nx rdtscp lm constant_tsc arch_perfmon pebs bts rep_good xtopology nonstop_tsc aperfmperf pni dtes64 monitor ds_cpl vmx est tm2 ssse3 cx16 xtpr pdcm dca sse4_1 sse4_2 x2apic popcnt lahf_lm ida dts tpr_shadow vnmi flexpriority ept vpid
bogomips	: 3723.47
clflush size	: 64
cache_alignment	: 64
address sizes	: 44 bits physical, 48 bits virtual
power management:

processor	: 52
vendor_id	: GenuineIntel
cpu family	: 6
model		: 46
model name	: Intel(R) Xeon(R) CPU           L7555  @ 1.87GHz
stepping	: 6
cpu MHz		: 1862.052
cache size	: 24576 KB
physical id	: 0
siblings	: 16
core id		: 9
cpu cores	: 8
apicid		: 19
initial apicid	: 19
fpu		: yes
fpu_exception	: yes
cpuid level	: 11
wp		: yes
flags		: fpu vme de pse tsc msr pae mce cx8 apic sep mtrr pge mca cmov pat pse36 clflush dts acpi mmx fxsr sse sse2 ss ht tm pbe syscall nx rdtscp lm constant_tsc arch_perfmon pebs bts rep_good xtopology nonstop_tsc aperfmperf pni dtes64 monitor ds_cpl vmx est tm2 ssse3 cx16 xtpr pdcm dca sse4_1 sse4_2 x2apic popcnt lahf_lm ida dts tpr_shadow vnmi flexpriority ept vpid
bogomips	: 3724.10
clflush size	: 64
cache_alignment	: 64
address sizes	: 44 bits physical, 48 bits virtual
power management:

processor	: 53
vendor_id	: GenuineIntel
cpu family	: 6
model		: 46
model name	: Intel(R) Xeon(R) CPU           L7555  @ 1.87GHz
stepping	: 6
cpu MHz		: 1862.052
cache size	: 24576 KB
physical id	: 1
siblings	: 16
core id		: 9
cpu cores	: 8
apicid		: 51
initial apicid	: 51
fpu		: yes
fpu_exception	: yes
cpuid level	: 11
wp		: yes
flags		: fpu vme de pse tsc msr pae mce cx8 apic sep mtrr pge mca cmov pat pse36 clflush dts acpi mmx fxsr sse sse2 ss ht tm pbe syscall nx rdtscp lm constant_tsc arch_perfmon pebs bts rep_good xtopology nonstop_tsc aperfmperf pni dtes64 monitor ds_cpl vmx est tm2 ssse3 cx16 xtpr pdcm dca sse4_1 sse4_2 x2apic popcnt lahf_lm ida dts tpr_shadow vnmi flexpriority ept vpid
bogomips	: 3723.46
clflush size	: 64
cache_alignment	: 64
address sizes	: 44 bits physical, 48 bits virtual
power management:

processor	: 54
vendor_id	: GenuineIntel
cpu family	: 6
model		: 46
model name	: Intel(R) Xeon(R) CPU           L7555  @ 1.87GHz
stepping	: 6
cpu MHz		: 1862.052
cache size	: 24576 KB
physical id	: 2
siblings	: 16
core id		: 9
cpu cores	: 8
apicid		: 83
initial apicid	: 83
fpu		: yes
fpu_exception	: yes
cpuid level	: 11
wp		: yes
flags		: fpu vme de pse tsc msr pae mce cx8 apic sep mtrr pge mca cmov pat pse36 clflush dts acpi mmx fxsr sse sse2 ss ht tm pbe syscall nx rdtscp lm constant_tsc arch_perfmon pebs bts rep_good xtopology nonstop_tsc aperfmperf pni dtes64 monitor ds_cpl vmx est tm2 ssse3 cx16 xtpr pdcm dca sse4_1 sse4_2 x2apic popcnt lahf_lm ida dts tpr_shadow vnmi flexpriority ept vpid
bogomips	: 3723.47
clflush size	: 64
cache_alignment	: 64
address sizes	: 44 bits physical, 48 bits virtual
power management:

processor	: 55
vendor_id	: GenuineIntel
cpu family	: 6
model		: 46
model name	: Intel(R) Xeon(R) CPU           L7555  @ 1.87GHz
stepping	: 6
cpu MHz		: 1862.052
cache size	: 24576 KB
physical id	: 3
siblings	: 16
core id		: 9
cpu cores	: 8
apicid		: 115
initial apicid	: 115
fpu		: yes
fpu_exception	: yes
cpuid level	: 11
wp		: yes
flags		: fpu vme de pse tsc msr pae mce cx8 apic sep mtrr pge mca cmov pat pse36 clflush dts acpi mmx fxsr sse sse2 ss ht tm pbe syscall nx rdtscp lm constant_tsc arch_perfmon pebs bts rep_good xtopology nonstop_tsc aperfmperf pni dtes64 monitor ds_cpl vmx est tm2 ssse3 cx16 xtpr pdcm dca sse4_1 sse4_2 x2apic popcnt lahf_lm ida dts tpr_shadow vnmi flexpriority ept vpid
bogomips	: 3723.47
clflush size	: 64
cache_alignment	: 64
address sizes	: 44 bits physical, 48 bits virtual
power management:

processor	: 56
vendor_id	: GenuineIntel
cpu family	: 6
model		: 46
model name	: Intel(R) Xeon(R) CPU           L7555  @ 1.87GHz
stepping	: 6
cpu MHz		: 1862.052
cache size	: 24576 KB
physical id	: 0
siblings	: 16
core id		: 10
cpu cores	: 8
apicid		: 21
initial apicid	: 21
fpu		: yes
fpu_exception	: yes
cpuid level	: 11
wp		: yes
flags		: fpu vme de pse tsc msr pae mce cx8 apic sep mtrr pge mca cmov pat pse36 clflush dts acpi mmx fxsr sse sse2 ss ht tm pbe syscall nx rdtscp lm constant_tsc arch_perfmon pebs bts rep_good xtopology nonstop_tsc aperfmperf pni dtes64 monitor ds_cpl vmx est tm2 ssse3 cx16 xtpr pdcm dca sse4_1 sse4_2 x2apic popcnt lahf_lm ida dts tpr_shadow vnmi flexpriority ept vpid
bogomips	: 3724.10
clflush size	: 64
cache_alignment	: 64
address sizes	: 44 bits physical, 48 bits virtual
power management:

processor	: 57
vendor_id	: GenuineIntel
cpu family	: 6
model		: 46
model name	: Intel(R) Xeon(R) CPU           L7555  @ 1.87GHz
stepping	: 6
cpu MHz		: 1862.052
cache size	: 24576 KB
physical id	: 1
siblings	: 16
core id		: 10
cpu cores	: 8
apicid		: 53
initial apicid	: 53
fpu		: yes
fpu_exception	: yes
cpuid level	: 11
wp		: yes
flags		: fpu vme de pse tsc msr pae mce cx8 apic sep mtrr pge mca cmov pat pse36 clflush dts acpi mmx fxsr sse sse2 ss ht tm pbe syscall nx rdtscp lm constant_tsc arch_perfmon pebs bts rep_good xtopology nonstop_tsc aperfmperf pni dtes64 monitor ds_cpl vmx est tm2 ssse3 cx16 xtpr pdcm dca sse4_1 sse4_2 x2apic popcnt lahf_lm ida dts tpr_shadow vnmi flexpriority ept vpid
bogomips	: 3723.46
clflush size	: 64
cache_alignment	: 64
address sizes	: 44 bits physical, 48 bits virtual
power management:

processor	: 58
vendor_id	: GenuineIntel
cpu family	: 6
model		: 46
model name	: Intel(R) Xeon(R) CPU           L7555  @ 1.87GHz
stepping	: 6
cpu MHz		: 1862.052
cache size	: 24576 KB
physical id	: 2
siblings	: 16
core id		: 10
cpu cores	: 8
apicid		: 85
initial apicid	: 85
fpu		: yes
fpu_exception	: yes
cpuid level	: 11
wp		: yes
flags		: fpu vme de pse tsc msr pae mce cx8 apic sep mtrr pge mca cmov pat pse36 clflush dts acpi mmx fxsr sse sse2 ss ht tm pbe syscall nx rdtscp lm constant_tsc arch_perfmon pebs bts rep_good xtopology nonstop_tsc aperfmperf pni dtes64 monitor ds_cpl vmx est tm2 ssse3 cx16 xtpr pdcm dca sse4_1 sse4_2 x2apic popcnt lahf_lm ida dts tpr_shadow vnmi flexpriority ept vpid
bogomips	: 3723.47
clflush size	: 64
cache_alignment	: 64
address sizes	: 44 bits physical, 48 bits virtual
power management:

processor	: 59
vendor_id	: GenuineIntel
cpu family	: 6
model		: 46
model name	: Intel(R) Xeon(R) CPU           L7555  @ 1.87GHz
stepping	: 6
cpu MHz		: 1862.052
cache size	: 24576 KB
physical id	: 3
siblings	: 16
core id		: 10
cpu cores	: 8
apicid		: 117
initial apicid	: 117
fpu		: yes
fpu_exception	: yes
cpuid level	: 11
wp		: yes
flags		: fpu vme de pse tsc msr pae mce cx8 apic sep mtrr pge mca cmov pat pse36 clflush dts acpi mmx fxsr sse sse2 ss ht tm pbe syscall nx rdtscp lm constant_tsc arch_perfmon pebs bts rep_good xtopology nonstop_tsc aperfmperf pni dtes64 monitor ds_cpl vmx est tm2 ssse3 cx16 xtpr pdcm dca sse4_1 sse4_2 x2apic popcnt lahf_lm ida dts tpr_shadow vnmi flexpriority ept vpid
bogomips	: 3723.47
clflush size	: 64
cache_alignment	: 64
address sizes	: 44 bits physical, 48 bits virtual
power management:

processor	: 60
vendor_id	: GenuineIntel
cpu family	: 6
model		: 46
model name	: Intel(R) Xeon(R) CPU           L7555  @ 1.87GHz
stepping	: 6
cpu MHz		: 1862.052
cache size	: 24576 KB
physical id	: 0
siblings	: 16
core id		: 11
cpu cores	: 8
apicid		: 23
initial apicid	: 23
fpu		: yes
fpu_exception	: yes
cpuid level	: 11
wp		: yes
flags		: fpu vme de pse tsc msr pae mce cx8 apic sep mtrr pge mca cmov pat pse36 clflush dts acpi mmx fxsr sse sse2 ss ht tm pbe syscall nx rdtscp lm constant_tsc arch_perfmon pebs bts rep_good xtopology nonstop_tsc aperfmperf pni dtes64 monitor ds_cpl vmx est tm2 ssse3 cx16 xtpr pdcm dca sse4_1 sse4_2 x2apic popcnt lahf_lm ida dts tpr_shadow vnmi flexpriority ept vpid
bogomips	: 3724.10
clflush size	: 64
cache_alignment	: 64
address sizes	: 44 bits physical, 48 bits virtual
power management:

processor	: 61
vendor_id	: GenuineIntel
cpu family	: 6
model		: 46
model name	: Intel(R) Xeon(R) CPU           L7555  @ 1.87GHz
stepping	: 6
cpu MHz		: 1862.052
cache size	: 24576 KB
physical id	: 1
siblings	: 16
core id		: 11
cpu cores	: 8
apicid		: 55
initial apicid	: 55
fpu		: yes
fpu_exception	: yes
cpuid level	: 11
wp		: yes
flags		: fpu vme de pse tsc msr pae mce cx8 apic sep mtrr pge mca cmov pat pse36 clflush dts acpi mmx fxsr sse sse2 ss ht tm pbe syscall nx rdtscp lm constant_tsc arch_perfmon pebs bts rep_good xtopology nonstop_tsc aperfmperf pni dtes64 monitor ds_cpl vmx est tm2 ssse3 cx16 xtpr pdcm dca sse4_1 sse4_2 x2apic popcnt lahf_lm ida dts tpr_shadow vnmi flexpriority ept vpid
bogomips	: 3723.46
clflush size	: 64
cache_alignment	: 64
address sizes	: 44 bits physical, 48 bits virtual
power management:

processor	: 62
vendor_id	: GenuineIntel
cpu family	: 6
model		: 46
model name	: Intel(R) Xeon(R) CPU           L7555  @ 1.87GHz
stepping	: 6
cpu MHz		: 1862.052
cache size	: 24576 KB
physical id	: 2
siblings	: 16
core id		: 11
cpu cores	: 8
apicid		: 87
initial apicid	: 87
fpu		: yes
fpu_exception	: yes
cpuid level	: 11
wp		: yes
flags		: fpu vme de pse tsc msr pae mce cx8 apic sep mtrr pge mca cmov pat pse36 clflush dts acpi mmx fxsr sse sse2 ss ht tm pbe syscall nx rdtscp lm constant_tsc arch_perfmon pebs bts rep_good xtopology nonstop_tsc aperfmperf pni dtes64 monitor ds_cpl vmx est tm2 ssse3 cx16 xtpr pdcm dca sse4_1 sse4_2 x2apic popcnt lahf_lm ida dts tpr_shadow vnmi flexpriority ept vpid
bogomips	: 3723.47
clflush size	: 64
cache_alignment	: 64
address sizes	: 44 bits physical, 48 bits virtual
power management:

processor	: 63
vendor_id	: GenuineIntel
cpu family	: 6
model		: 46
model name	: Intel(R) Xeon(R) CPU           L7555  @ 1.87GHz
stepping	: 6
cpu MHz		: 1862.052
cache size	: 24576 KB
physical id	: 3
siblings	: 16
core id		: 11
cpu cores	: 8
apicid		: 119
initial apicid	: 119
fpu		: yes
fpu_exception	: yes
cpuid level	: 11
wp		: yes
flags		: fpu vme de pse tsc msr pae mce cx8 apic sep mtrr pge mca cmov pat pse36 clflush dts acpi mmx fxsr sse sse2 ss ht tm pbe syscall nx rdtscp lm constant_tsc arch_perfmon pebs bts rep_good xtopology nonstop_tsc aperfmperf pni dtes64 monitor ds_cpl vmx est tm2 ssse3 cx16 xtpr pdcm dca sse4_1 sse4_2 x2apic popcnt lahf_lm ida dts tpr_shadow vnmi flexpriority ept vpid
bogomips	: 3723.47
clflush size	: 64
cache_alignment	: 64
address sizes	: 44 bits physical, 48 bits virtual
power management:



Memory: 4k page, physical 132138084k(19204888k free), swap 10485752k(10485752k free)

vm_info: Java HotSpot(TM) 64-Bit Server VM (24.65-b04) for linux-amd64 JRE (1.7.0_65-b33), built on Jul 11 2014 15:27:53 by "java_re" with gcc 4.3.0 20080428 (Red Hat 4.3.0-8)

time: Wed Sep 17 11:36:39 2014
elapsed time: 10 seconds

